#
# There is insufficient memory for the Java Runtime Environment to continue.
# Native memory allocation (mmap) failed to map 167772160 bytes for Failed to commit area from 0x0000000761e00000 to 0x000000076be00000 of length 167772160.
# Possible reasons:
#   The system is out of physical RAM or swap space
#   The process is running with CompressedOops enabled, and the Java Heap may be blocking the growth of the native heap
# Possible solutions:
#   Reduce memory load on the system
#   Increase physical memory or swap space
#   Check if swap backing store is full
#   Decrease Java heap size (-Xmx/-Xms)
#   Decrease number of Java threads
#   Decrease Java thread stack sizes (-Xss)
#   Set larger code cache with -XX:ReservedCodeCacheSize=
# This output file may be truncated or incomplete.
#
#  Out of Memory Error (./src/hotspot/os/windows/os_windows.cpp:3301), pid=793436, tid=790896
#
# JRE version:  (11.0.10) (build )
# Java VM: OpenJDK 64-Bit Server VM (11.0.10+0-b96-7249189, mixed mode, sharing, tiered, compressed oops, g1 gc, windows-amd64)
# No core dump will be written. Minidumps are not enabled by default on client versions of Windows
#

---------------  S U M M A R Y ------------

Command Line: 

Host: Intel(R) Core(TM) i5-3360M CPU @ 2.80GHz, 4 cores, 9G,  Windows 10 , 64 bit Build 19041 (10.0.19041.1348)
Time: Sat Mar 12 12:41:46 2022 India Standard Time elapsed time: 0.371785 seconds (0d 0h 0m 0s)

---------------  T H R E A D  ---------------

Current thread (0x000001a79f847000):  JavaThread "Unknown thread" [_thread_in_vm, id=790896, stack(0x0000005811100000,0x0000005811200000)]

Stack: [0x0000005811100000,0x0000005811200000]
Native frames: (J=compiled Java code, j=interpreted, Vv=VM code, C=native code)
V  [jvm.dll+0x5ecfaa]
V  [jvm.dll+0x722bd5]
V  [jvm.dll+0x72412d]
V  [jvm.dll+0x7247e3]
V  [jvm.dll+0x242928]
V  [jvm.dll+0x5ea374]
V  [jvm.dll+0x5df425]
V  [jvm.dll+0x2fdebb]
V  [jvm.dll+0x2fde2a]
V  [jvm.dll+0x2fdd02]
V  [jvm.dll+0x302bf6]
V  [jvm.dll+0x34b2a3]
V  [jvm.dll+0x34b9a6]
V  [jvm.dll+0x34b3a3]
V  [jvm.dll+0x2d8888]
V  [jvm.dll+0x2d9a37]
V  [jvm.dll+0x701737]
V  [jvm.dll+0x702f2c]
V  [jvm.dll+0x3587d9]
V  [jvm.dll+0x6e4fae]
V  [jvm.dll+0x3c0be3]
V  [jvm.dll+0x3c2e91]
C  [jli.dll+0x5373]
C  [ucrtbase.dll+0x21bb2]
C  [KERNEL32.DLL+0x17034]
C  [ntdll.dll+0x52651]


---------------  P R O C E S S  ---------------

Threads class SMR info:
_java_thread_list=0x000001a79dee1030, length=0, elements={
}

Java Threads: ( => current thread )

Other Threads:
  0x000001a79f85f800 GCTaskThread "GC Thread#0" [stack: 0x0000005811200000,0x0000005811300000] [id=770424]
  0x000001a79f899800 ConcurrentGCThread "G1 Main Marker" [stack: 0x0000005811300000,0x0000005811400000] [id=663596]
  0x000001a79f89b000 ConcurrentGCThread "G1 Conc#0" [stack: 0x0000000000000000,0x0000000000000000] [id=792720]

[error occurred during error reporting (printing all threads), id 0xc0000005, EXCEPTION_ACCESS_VIOLATION (0xc0000005) at pc=0x00007fff17b09107]

VM state:not at safepoint (not fully initialized)

VM Mutex/Monitor currently owned by a thread:  ([mutex/lock_event])
[0x000001a79f844500] Heap_lock - owner thread: 0x000001a79f847000

Heap address: 0x0000000761e00000, size: 2530 MB, Compressed Oops mode: Non-zero based: 0x0000000761e00000
Narrow klass base: 0x0000000000000000, Narrow klass shift: 0

GC Heap History (0 events):
No events

Deoptimization events (0 events):
No events

Classes redefined (0 events):
No events

Internal exceptions (0 events):
No events

Events (1 events):
Event: 0.278 Loaded shared library C:\Users\DELL\Desktop\New folder (2)\jre\bin\zip.dll


Dynamic libraries:
0x00007ff78b740000 - 0x00007ff78b74a000 	C:\Users\DELL\Desktop\New folder (2)\jre\bin\java.EXE
0x00007fff708d0000 - 0x00007fff70ac5000 	C:\Windows\SYSTEM32\ntdll.dll
0x00007fff6f0c0000 - 0x00007fff6f17e000 	C:\Windows\System32\KERNEL32.DLL
0x00007fff6e3d0000 - 0x00007fff6e698000 	C:\Windows\System32\KERNELBASE.dll
0x00007fff6dfe0000 - 0x00007fff6e0e0000 	C:\Windows\System32\ucrtbase.dll
0x00007fff51f60000 - 0x00007fff51f77000 	C:\Users\DELL\Desktop\New folder (2)\jre\bin\VCRUNTIME140.dll
0x00007fff51ed0000 - 0x00007fff51ee9000 	C:\Users\DELL\Desktop\New folder (2)\jre\bin\jli.dll
0x00007fff70590000 - 0x00007fff70731000 	C:\Windows\System32\USER32.dll
0x00007fff6e310000 - 0x00007fff6e332000 	C:\Windows\System32\win32u.dll
0x00007fff6f9b0000 - 0x00007fff6f9db000 	C:\Windows\System32\GDI32.dll
0x00007fff6e750000 - 0x00007fff6e85d000 	C:\Windows\System32\gdi32full.dll
0x00007fff6e0e0000 - 0x00007fff6e17d000 	C:\Windows\System32\msvcp_win.dll
0x00007fff5e520000 - 0x00007fff5e7ba000 	C:\Windows\WinSxS\amd64_microsoft.windows.common-controls_6595b64144ccf1df_6.0.19041.1110_none_60b5254171f9507e\COMCTL32.dll
0x00007fff70740000 - 0x00007fff707de000 	C:\Windows\System32\msvcrt.dll
0x00007fff6fbd0000 - 0x00007fff6fc00000 	C:\Windows\System32\IMM32.DLL
0x00007fff4b1e0000 - 0x00007fff4b27d000 	C:\Users\DELL\Desktop\New folder (2)\jre\bin\msvcp140.dll
0x00007fff17820000 - 0x00007fff182ef000 	C:\Users\DELL\Desktop\New folder (2)\jre\bin\server\jvm.dll
0x00007fff70320000 - 0x00007fff703cc000 	C:\Windows\System32\ADVAPI32.dll
0x00007fff6fb30000 - 0x00007fff6fbcb000 	C:\Windows\System32\sechost.dll
0x00007fff6f180000 - 0x00007fff6f2aa000 	C:\Windows\System32\RPCRT4.dll
0x00007fff6f9a0000 - 0x00007fff6f9a8000 	C:\Windows\System32\PSAPI.DLL
0x00007fff5f560000 - 0x00007fff5f587000 	C:\Windows\SYSTEM32\WINMM.dll
0x00007fff697b0000 - 0x00007fff697b9000 	C:\Windows\SYSTEM32\WSOCK32.dll
0x00007fff5fac0000 - 0x00007fff5faca000 	C:\Windows\SYSTEM32\VERSION.dll
0x00007fff70000000 - 0x00007fff7006b000 	C:\Windows\System32\ws2_32.DLL
0x00007fff6bed0000 - 0x00007fff6bee2000 	C:\Windows\SYSTEM32\kernel.appcore.dll
0x00007fff5c800000 - 0x00007fff5c811000 	C:\Users\DELL\Desktop\New folder (2)\jre\bin\verify.dll
0x00007fff5cf70000 - 0x00007fff5d154000 	C:\Windows\SYSTEM32\DBGHELP.DLL
0x00007fff5ced0000 - 0x00007fff5cefc000 	C:\Windows\SYSTEM32\dbgcore.DLL
0x00007fff6e340000 - 0x00007fff6e3c2000 	C:\Windows\System32\bcryptPrimitives.dll
0x00007fff5b6a0000 - 0x00007fff5b6c9000 	C:\Users\DELL\Desktop\New folder (2)\jre\bin\java.dll
0x00007fff69560000 - 0x00007fff6956b000 	C:\Users\DELL\Desktop\New folder (2)\jre\bin\jimage.dll
0x00007fff5b850000 - 0x00007fff5b868000 	C:\Users\DELL\Desktop\New folder (2)\jre\bin\zip.dll

dbghelp: loaded successfully - version: 4.0.5 - missing functions: none
symbol engine: initialized successfully - sym options: 0x614 - pdb path: .;C:\Users\DELL\Desktop\New folder (2)\jre\bin;C:\Windows\SYSTEM32;C:\Windows\WinSxS\amd64_microsoft.windows.common-controls_6595b64144ccf1df_6.0.19041.1110_none_60b5254171f9507e;C:\Users\DELL\Desktop\New folder (2)\jre\bin\server

VM Arguments:
java_command: <unknown>
java_class_path (initial): <not set>
Launcher Type: SUN_STANDARD

[Global flags]
     intx CICompilerCount                          = 3                                         {product} {ergonomic}
     uint ConcGCThreads                            = 1                                         {product} {ergonomic}
     uint G1ConcRefinementThreads                  = 4                                         {product} {ergonomic}
   size_t G1HeapRegionSize                         = 1048576                                   {product} {ergonomic}
    uintx GCDrainStackTargetSize                   = 64                                        {product} {ergonomic}
   size_t InitialHeapSize                          = 167772160                                 {product} {ergonomic}
   size_t MarkStackSize                            = 4194304                                   {product} {ergonomic}
   size_t MaxHeapSize                              = 2652897280                                {product} {ergonomic}
   size_t MinHeapDeltaBytes                        = 1048576                                   {product} {ergonomic}
    uintx NonNMethodCodeHeapSize                   = 5830732                                {pd product} {ergonomic}
    uintx NonProfiledCodeHeapSize                  = 122913754                              {pd product} {ergonomic}
    uintx ProfiledCodeHeapSize                     = 122913754                              {pd product} {ergonomic}
    uintx ReservedCodeCacheSize                    = 251658240                              {pd product} {ergonomic}
     bool SegmentedCodeCache                       = true                                      {product} {ergonomic}
     bool UseCompressedClassPointers               = true                                 {lp64_product} {ergonomic}
     bool UseCompressedOops                        = true                                 {lp64_product} {ergonomic}
     bool UseG1GC                                  = true                                      {product} {ergonomic}
     bool UseLargePagesIndividualAllocation        = false                                  {pd product} {ergonomic}

Logging:
Log output configuration:
 #0: stdout all=warning uptime,level,tags
 #1: stderr all=off uptime,level,tags

Environment Variables:
PATH=C:\Program Files\Common Files\Oracle\Java\javapath;C:\Windows\system32;C:\Windows;C:\Windows\System32\Wbem;C:\Windows\System32\WindowsPowerShell\v1.0\;C:\Windows\System32\OpenSSH\;C:\Users\DELL\anaconda3\;C:\Program Files\Git\cmd;C:\Program Files\PuTTY\;C:\Users\DELL\AppData\Local\Programs\Python\Python39\Scripts\;C:\Users\DELL\AppData\Local\Programs\Python\Python39\;C:\Users\DELL\AppData\Local\Programs\Python\Launcher\;C:\Users\DELL\AppData\Local\Microsoft\WindowsApps;C:\Users\DELL\AppData\Local\Programs\Microsoft VS Code\bin;C:\Program Files\JetBrains\PyCharm Community Edition 2021.2\bin;;D:\flutter\bin;D:\flutter\bin\mingit\cmd
USERNAME=DELL
OS=Windows_NT
PROCESSOR_IDENTIFIER=Intel64 Family 6 Model 58 Stepping 9, GenuineIntel



---------------  S Y S T E M  ---------------

OS: Windows 10 , 64 bit Build 19041 (10.0.19041.1348)
OS uptime: 4 days 20:51 hours

CPU:total 4 (initial active 4) (2 cores per cpu, 2 threads per core) family 6 model 58 stepping 9 microcode 0x21, cmov, cx8, fxsr, mmx, sse, sse2, sse3, ssse3, sse4.1, sse4.2, popcnt, avx, aes, clmul, erms, ht, tsc, tscinvbit, tscinv

Memory: 4k page, system-wide physical 10113M (170M free)
TotalPageFile size 23863M (AvailPageFile size 153M)
current process WorkingSet (physical memory assigned to process): 9M, peak: 9M
current process commit charge ("private bytes"): 51M, peak: 211M

vm_info: OpenJDK 64-Bit Server VM (11.0.10+0-b96-7249189) for windows-amd64 JRE (11.0.10+0-b96-7249189), built on Mar 31 2021 21:44:00 by "builder" with MS VC++ 14.0 (VS2015)

END.
