#
# There is insufficient memory for the Java Runtime Environment to continue.
# Native memory allocation (malloc) failed to allocate 722496 bytes for Chunk::new
# Possible reasons:
#   The system is out of physical RAM or swap space
#   The process is running with CompressedOops enabled, and the Java Heap may be blocking the growth of the native heap
# Possible solutions:
#   Reduce memory load on the system
#   Increase physical memory or swap space
#   Check if swap backing store is full
#   Decrease Java heap size (-Xmx/-Xms)
#   Decrease number of Java threads
#   Decrease Java thread stack sizes (-Xss)
#   Set larger code cache with -XX:ReservedCodeCacheSize=
#   JVM is running with Unscaled Compressed Oops mode in which the Java heap is
#     placed in the first 4GB address space. The Java Heap base address is the
#     maximum limit for the native heap growth. Please use -XX:HeapBaseMinAddress
#     to set the Java Heap base and to place the Java Heap above 4GB virtual address.
# This output file may be truncated or incomplete.
#
#  Out of Memory Error (./src/hotspot/share/memory/arena.cpp:197), pid=791640, tid=786204
#
# JRE version: OpenJDK Runtime Environment (11.0.10) (build 11.0.10+0-b96-7249189)
# Java VM: OpenJDK 64-Bit Server VM (11.0.10+0-b96-7249189, mixed mode, tiered, compressed oops, g1 gc, windows-amd64)
# No core dump will be written. Minidumps are not enabled by default on client versions of Windows
#

---------------  S U M M A R Y ------------

Command Line: --add-opens=java.base/java.util=ALL-UNNAMED --add-opens=java.base/java.lang=ALL-UNNAMED --add-opens=java.base/java.lang.invoke=ALL-UNNAMED --add-opens=java.prefs/java.util.prefs=ALL-UNNAMED -Xmx1536M -Dfile.encoding=windows-1252 -Duser.country=IN -Duser.language=en -Duser.variant org.gradle.launcher.daemon.bootstrap.GradleDaemon 6.7

Host: Intel(R) Core(TM) i5-3360M CPU @ 2.80GHz, 4 cores, 9G,  Windows 10 , 64 bit Build 19041 (10.0.19041.1348)
Time: Sat Mar 12 12:22:53 2022 India Standard Time elapsed time: 23.835254 seconds (0d 0h 0m 23s)

---------------  T H R E A D  ---------------

Current thread (0x000002ab4a4ec000):  JavaThread "C2 CompilerThread0" daemon [_thread_in_native, id=786204, stack(0x000000b0e5700000,0x000000b0e5800000)]


Current CompileTask:
C2:  23835 3178       4       groovy.lang.MetaClassImpl$1MOPIter::methodNameAction (325 bytes)

Stack: [0x000000b0e5700000,0x000000b0e5800000]
Native frames: (J=compiled Java code, j=interpreted, Vv=VM code, C=native code)
V  [jvm.dll+0x5ecfaa]
V  [jvm.dll+0x722bd5]
V  [jvm.dll+0x72412d]
V  [jvm.dll+0x7247e3]
V  [jvm.dll+0x242928]
V  [jvm.dll+0xbc4fc]
V  [jvm.dll+0xbca0c]
V  [jvm.dll+0x2b4fd4]
V  [jvm.dll+0x506028]
V  [jvm.dll+0x1fcbde]
V  [jvm.dll+0x1fa77f]
V  [jvm.dll+0x18354c]
V  [jvm.dll+0x208ee7]
V  [jvm.dll+0x207731]
V  [jvm.dll+0x6eb1cf]
V  [jvm.dll+0x6e3d45]
V  [jvm.dll+0x5ebe96]
C  [ucrtbase.dll+0x21bb2]
C  [KERNEL32.DLL+0x17034]
C  [ntdll.dll+0x52651]


---------------  P R O C E S S  ---------------

Threads class SMR info:
_java_thread_list=0x000002ab4bfb0270, length=30, elements={
0x000002ab3126c800, 0x000002ab49b64000, 0x000002ab49b72000, 0x000002ab4a4e6000,
0x000002ab4a4e8000, 0x000002ab4a4e9000, 0x000002ab4a4ec000, 0x000002ab4a544000,
0x000002ab49b9b800, 0x000002ab4a635000, 0x000002ab4b3f6800, 0x000002ab4bf17000,
0x000002ab4aad1800, 0x000002ab4aadf800, 0x000002ab4c518000, 0x000002ab4b3ab000,
0x000002ab4bd88800, 0x000002ab4bd89000, 0x000002ab4a822800, 0x000002ab4a81c800,
0x000002ab4a820000, 0x000002ab4a821800, 0x000002ab4a81f000, 0x000002ab4a821000,
0x000002ab4a823000, 0x000002ab4a81d800, 0x000002ab4a81e800, 0x000002ab4ca2f000,
0x000002ab4ca2c800, 0x000002ab4ca2a000
}

Java Threads: ( => current thread )
  0x000002ab3126c800 JavaThread "main" [_thread_blocked, id=791756, stack(0x000000b0e4b00000,0x000000b0e4c00000)]
  0x000002ab49b64000 JavaThread "Reference Handler" daemon [_thread_blocked, id=791792, stack(0x000000b0e5200000,0x000000b0e5300000)]
  0x000002ab49b72000 JavaThread "Finalizer" daemon [_thread_blocked, id=792000, stack(0x000000b0e5300000,0x000000b0e5400000)]
  0x000002ab4a4e6000 JavaThread "Signal Dispatcher" daemon [_thread_blocked, id=792408, stack(0x000000b0e5400000,0x000000b0e5500000)]
  0x000002ab4a4e8000 JavaThread "Attach Listener" daemon [_thread_blocked, id=792132, stack(0x000000b0e5500000,0x000000b0e5600000)]
  0x000002ab4a4e9000 JavaThread "Service Thread" daemon [_thread_blocked, id=792192, stack(0x000000b0e5600000,0x000000b0e5700000)]
=>0x000002ab4a4ec000 JavaThread "C2 CompilerThread0" daemon [_thread_in_native, id=786204, stack(0x000000b0e5700000,0x000000b0e5800000)]
  0x000002ab4a544000 JavaThread "C1 CompilerThread0" daemon [_thread_blocked, id=791852, stack(0x000000b0e5800000,0x000000b0e5900000)]
  0x000002ab49b9b800 JavaThread "Sweeper thread" daemon [_thread_blocked, id=791928, stack(0x000000b0e5900000,0x000000b0e5a00000)]
  0x000002ab4a635000 JavaThread "Common-Cleaner" daemon [_thread_blocked, id=791416, stack(0x000000b0e5a00000,0x000000b0e5b00000)]
  0x000002ab4b3f6800 JavaThread "Daemon health stats" [_thread_blocked, id=791676, stack(0x000000b0e5e00000,0x000000b0e5f00000)]
  0x000002ab4bf17000 JavaThread "Incoming local TCP Connector on port 60945" [_thread_in_native, id=791576, stack(0x000000b0e6100000,0x000000b0e6200000)]
  0x000002ab4aad1800 JavaThread "Daemon periodic checks" [_thread_blocked, id=789612, stack(0x000000b0e6200000,0x000000b0e6300000)]
  0x000002ab4aadf800 JavaThread "Daemon" [_thread_blocked, id=792120, stack(0x000000b0e6300000,0x000000b0e6400000)]
  0x000002ab4c518000 JavaThread "Handler for socket connection from /127.0.0.1:60945 to /127.0.0.1:60946" [_thread_in_native, id=791920, stack(0x000000b0e6400000,0x000000b0e6500000)]
  0x000002ab4b3ab000 JavaThread "Cancel handler" [_thread_blocked, id=787660, stack(0x000000b0e6500000,0x000000b0e6600000)]
  0x000002ab4bd88800 JavaThread "Daemon worker" [_thread_in_vm, id=792380, stack(0x000000b0e6600000,0x000000b0e6700000)]
  0x000002ab4bd89000 JavaThread "Asynchronous log dispatcher for DefaultDaemonConnection: socket connection from /127.0.0.1:60945 to /127.0.0.1:60946" [_thread_blocked, id=792444, stack(0x000000b0e6700000,0x000000b0e6800000)]
  0x000002ab4a822800 JavaThread "Stdin handler" [_thread_blocked, id=786116, stack(0x000000b0e6800000,0x000000b0e6900000)]
  0x000002ab4a81c800 JavaThread "Thread-8" [_thread_blocked, id=792324, stack(0x000000b0e6900000,0x000000b0e6a00000)]
  0x000002ab4a820000 JavaThread "Cache worker for file hash cache (C:\Users\DELL\.gradle\caches\6.7\fileHashes)" [_thread_blocked, id=782504, stack(0x000000b0e6b00000,0x000000b0e6c00000)]
  0x000002ab4a821800 JavaThread "File lock request listener" [_thread_in_native, id=791980, stack(0x000000b0e6c00000,0x000000b0e6d00000)]
  0x000002ab4a81f000 JavaThread "Cache worker for journal cache (C:\Users\DELL\.gradle\caches\journal-1)" [_thread_blocked, id=785232, stack(0x000000b0e6d00000,0x000000b0e6e00000)]
  0x000002ab4a821000 JavaThread "Cache worker for file hash cache (C:\Users\DELL\Desktop\tflite_flutter-master\android\.gradle\6.7\fileHashes)" [_thread_blocked, id=792104, stack(0x000000b0e6e00000,0x000000b0e6f00000)]
  0x000002ab4a823000 JavaThread "Cache worker for checksums cache (C:\Users\DELL\Desktop\tflite_flutter-master\android\.gradle\checksums)" [_thread_blocked, id=792524, stack(0x000000b0e6f00000,0x000000b0e7000000)]
  0x000002ab4a81d800 JavaThread "Cache worker for cache directory md-supplier (C:\Users\DELL\.gradle\caches\6.7\md-supplier)" [_thread_blocked, id=791796, stack(0x000000b0e7000000,0x000000b0e7100000)]
  0x000002ab4a81e800 JavaThread "Cache worker for cache directory md-rule (C:\Users\DELL\.gradle\caches\6.7\md-rule)" [_thread_blocked, id=791336, stack(0x000000b0e7100000,0x000000b0e7200000)]
  0x000002ab4ca2f000 JavaThread "Cache worker for execution history cache (C:\Users\DELL\.gradle\caches\6.7\executionHistory)" [_thread_blocked, id=791996, stack(0x000000b0e7200000,0x000000b0e7300000)]
  0x000002ab4ca2c800 JavaThread "jar transforms" [_thread_blocked, id=792336, stack(0x000000b0e7300000,0x000000b0e7400000)]
  0x000002ab4ca2a000 JavaThread "Cache worker for file content cache (C:\Users\DELL\.gradle\caches\6.7\fileContent)" [_thread_blocked, id=791044, stack(0x000000b0e7400000,0x000000b0e7500000)]

Other Threads:
  0x000002ab49b3f000 VMThread "VM Thread" [stack: 0x000000b0e5100000,0x000000b0e5200000] [id=791800]
  0x000002ab4a69b800 WatcherThread [stack: 0x000000b0e5b00000,0x000000b0e5c00000] [id=792492]
  0x000002ab31286000 GCTaskThread "GC Thread#0" [stack: 0x000000b0e4c00000,0x000000b0e4d00000] [id=792448]
  0x000002ab4aa33000 GCTaskThread "GC Thread#1" [stack: 0x000000b0e5c00000,0x000000b0e5d00000] [id=792276]
  0x000002ab4aa34000 GCTaskThread "GC Thread#2" [stack: 0x000000b0e5d00000,0x000000b0e5e00000] [id=792124]
  0x000002ab4aa94800 GCTaskThread "GC Thread#3" [stack: 0x000000b0e6a00000,0x000000b0e6b00000] [id=791644]
  0x000002ab312ab000 ConcurrentGCThread "G1 Main Marker" [stack: 0x000000b0e4d00000,0x000000b0e4e00000] [id=791964]
  0x000002ab312ac800 ConcurrentGCThread "G1 Conc#0" [stack: 0x000000b0e4e00000,0x000000b0e4f00000] [id=792528]
  0x000002ab499b0800 ConcurrentGCThread "G1 Refine#0" [stack: 0x000000b0e4f00000,0x000000b0e5000000] [id=792096]
  0x000002ab499b1800 ConcurrentGCThread "G1 Young RemSet Sampling" [stack: 0x000000b0e5000000,0x000000b0e5100000] [id=791804]

Threads with active compile tasks:
C2 CompilerThread0  23894 3178       4       groovy.lang.MetaClassImpl$1MOPIter::methodNameAction (325 bytes)

VM state:not at safepoint (normal execution)

VM Mutex/Monitor currently owned by a thread: None

Heap address: 0x00000000a0000000, size: 1536 MB, Compressed Oops mode: 32-bit
Narrow klass base: 0x0000000000000000, Narrow klass shift: 3
Compressed class space size: 1073741824 Address: 0x0000000100000000

Heap:
 garbage-first heap   total 163840K, used 69004K [0x00000000a0000000, 0x0000000100000000)
  region size 1024K, 54 young (55296K), 9 survivors (9216K)
 Metaspace       used 39878K, capacity 40644K, committed 40832K, reserved 1085440K
  class space    used 5062K, capacity 5378K, committed 5504K, reserved 1048576K
Heap Regions: E=young(eden), S=young(survivor), O=old, HS=humongous(starts), HC=humongous(continues), CS=collection set, F=free, A=archive, TAMS=top-at-mark-start (previous, next)
|   0|0x00000000a0000000, 0x00000000a0100000, 0x00000000a0100000|100%| O|  |TAMS 0x00000000a0100000, 0x00000000a0000000| Untracked 
|   1|0x00000000a0100000, 0x00000000a0200000, 0x00000000a0200000|100%| O|  |TAMS 0x00000000a0200000, 0x00000000a0100000| Untracked 
|   2|0x00000000a0200000, 0x00000000a0300000, 0x00000000a0300000|100%| O|  |TAMS 0x00000000a0300000, 0x00000000a0200000| Untracked 
|   3|0x00000000a0300000, 0x00000000a0400000, 0x00000000a0400000|100%|HS|  |TAMS 0x00000000a0400000, 0x00000000a0300000| Complete 
|   4|0x00000000a0400000, 0x00000000a0500000, 0x00000000a0500000|100%|HC|  |TAMS 0x00000000a0500000, 0x00000000a0400000| Complete 
|   5|0x00000000a0500000, 0x00000000a0600000, 0x00000000a0600000|100%|HC|  |TAMS 0x00000000a0600000, 0x00000000a0500000| Complete 
|   6|0x00000000a0600000, 0x00000000a0700000, 0x00000000a0700000|100%| O|  |TAMS 0x00000000a0700000, 0x00000000a0600000| Untracked 
|   7|0x00000000a0700000, 0x00000000a0800000, 0x00000000a0800000|100%| O|  |TAMS 0x00000000a0800000, 0x00000000a0700000| Untracked 
|   8|0x00000000a0800000, 0x00000000a0900000, 0x00000000a0900000|100%| O|  |TAMS 0x00000000a0900000, 0x00000000a0800000| Untracked 
|   9|0x00000000a0900000, 0x00000000a0a00000, 0x00000000a0a00000|100%| O|  |TAMS 0x00000000a0a00000, 0x00000000a0900000| Untracked 
|  10|0x00000000a0a00000, 0x00000000a0b00000, 0x00000000a0b00000|100%| O|  |TAMS 0x00000000a0b00000, 0x00000000a0a00000| Untracked 
|  11|0x00000000a0b00000, 0x00000000a0c00000, 0x00000000a0c00000|100%| O|  |TAMS 0x00000000a0c00000, 0x00000000a0b00000| Untracked 
|  12|0x00000000a0c00000, 0x00000000a0cc0600, 0x00000000a0d00000| 75%| O|  |TAMS 0x00000000a0cc0600, 0x00000000a0c00000| Untracked 
|  13|0x00000000a0d00000, 0x00000000a0e00000, 0x00000000a0e00000|100%|HS|  |TAMS 0x00000000a0d00000, 0x00000000a0d00000| Complete 
|  14|0x00000000a0e00000, 0x00000000a0f00000, 0x00000000a0f00000|100%|HS|  |TAMS 0x00000000a0f00000, 0x00000000a0e00000| Complete 
|  15|0x00000000a0f00000, 0x00000000a1000000, 0x00000000a1000000|100%|HC|  |TAMS 0x00000000a1000000, 0x00000000a0f00000| Complete 
|  16|0x00000000a1000000, 0x00000000a1000000, 0x00000000a1100000|  0%| F|  |TAMS 0x00000000a1000000, 0x00000000a1000000| Untracked 
|  17|0x00000000a1100000, 0x00000000a1100000, 0x00000000a1200000|  0%| F|  |TAMS 0x00000000a1100000, 0x00000000a1100000| Untracked 
|  18|0x00000000a1200000, 0x00000000a1200000, 0x00000000a1300000|  0%| F|  |TAMS 0x00000000a1200000, 0x00000000a1200000| Untracked 
|  19|0x00000000a1300000, 0x00000000a1300000, 0x00000000a1400000|  0%| F|  |TAMS 0x00000000a1300000, 0x00000000a1300000| Untracked 
|  20|0x00000000a1400000, 0x00000000a1400000, 0x00000000a1500000|  0%| F|  |TAMS 0x00000000a1400000, 0x00000000a1400000| Untracked 
|  21|0x00000000a1500000, 0x00000000a1500000, 0x00000000a1600000|  0%| F|  |TAMS 0x00000000a1500000, 0x00000000a1500000| Untracked 
|  22|0x00000000a1600000, 0x00000000a1600000, 0x00000000a1700000|  0%| F|  |TAMS 0x00000000a1600000, 0x00000000a1600000| Untracked 
|  23|0x00000000a1700000, 0x00000000a1700000, 0x00000000a1800000|  0%| F|  |TAMS 0x00000000a1700000, 0x00000000a1700000| Untracked 
|  24|0x00000000a1800000, 0x00000000a1800000, 0x00000000a1900000|  0%| F|  |TAMS 0x00000000a1800000, 0x00000000a1800000| Untracked 
|  25|0x00000000a1900000, 0x00000000a1900000, 0x00000000a1a00000|  0%| F|  |TAMS 0x00000000a1900000, 0x00000000a1900000| Untracked 
|  26|0x00000000a1a00000, 0x00000000a1a00000, 0x00000000a1b00000|  0%| F|  |TAMS 0x00000000a1a00000, 0x00000000a1a00000| Untracked 
|  27|0x00000000a1b00000, 0x00000000a1b00000, 0x00000000a1c00000|  0%| F|  |TAMS 0x00000000a1b00000, 0x00000000a1b00000| Untracked 
|  28|0x00000000a1c00000, 0x00000000a1c00000, 0x00000000a1d00000|  0%| F|  |TAMS 0x00000000a1c00000, 0x00000000a1c00000| Untracked 
|  29|0x00000000a1d00000, 0x00000000a1d00000, 0x00000000a1e00000|  0%| F|  |TAMS 0x00000000a1d00000, 0x00000000a1d00000| Untracked 
|  30|0x00000000a1e00000, 0x00000000a1e00000, 0x00000000a1f00000|  0%| F|  |TAMS 0x00000000a1e00000, 0x00000000a1e00000| Untracked 
|  31|0x00000000a1f00000, 0x00000000a1f00000, 0x00000000a2000000|  0%| F|  |TAMS 0x00000000a1f00000, 0x00000000a1f00000| Untracked 
|  32|0x00000000a2000000, 0x00000000a2000000, 0x00000000a2100000|  0%| F|  |TAMS 0x00000000a2000000, 0x00000000a2000000| Untracked 
|  33|0x00000000a2100000, 0x00000000a2100000, 0x00000000a2200000|  0%| F|  |TAMS 0x00000000a2100000, 0x00000000a2100000| Untracked 
|  34|0x00000000a2200000, 0x00000000a2200000, 0x00000000a2300000|  0%| F|  |TAMS 0x00000000a2200000, 0x00000000a2200000| Untracked 
|  35|0x00000000a2300000, 0x00000000a2300000, 0x00000000a2400000|  0%| F|  |TAMS 0x00000000a2300000, 0x00000000a2300000| Untracked 
|  36|0x00000000a2400000, 0x00000000a2400000, 0x00000000a2500000|  0%| F|  |TAMS 0x00000000a2400000, 0x00000000a2400000| Untracked 
|  37|0x00000000a2500000, 0x00000000a2500000, 0x00000000a2600000|  0%| F|  |TAMS 0x00000000a2500000, 0x00000000a2500000| Untracked 
|  38|0x00000000a2600000, 0x00000000a2600000, 0x00000000a2700000|  0%| F|  |TAMS 0x00000000a2600000, 0x00000000a2600000| Untracked 
|  39|0x00000000a2700000, 0x00000000a2700000, 0x00000000a2800000|  0%| F|  |TAMS 0x00000000a2700000, 0x00000000a2700000| Untracked 
|  40|0x00000000a2800000, 0x00000000a2800000, 0x00000000a2900000|  0%| F|  |TAMS 0x00000000a2800000, 0x00000000a2800000| Untracked 
|  41|0x00000000a2900000, 0x00000000a2900000, 0x00000000a2a00000|  0%| F|  |TAMS 0x00000000a2900000, 0x00000000a2900000| Untracked 
|  42|0x00000000a2a00000, 0x00000000a2a00000, 0x00000000a2b00000|  0%| F|  |TAMS 0x00000000a2a00000, 0x00000000a2a00000| Untracked 
|  43|0x00000000a2b00000, 0x00000000a2b00000, 0x00000000a2c00000|  0%| F|  |TAMS 0x00000000a2b00000, 0x00000000a2b00000| Untracked 
|  44|0x00000000a2c00000, 0x00000000a2c00000, 0x00000000a2d00000|  0%| F|  |TAMS 0x00000000a2c00000, 0x00000000a2c00000| Untracked 
|  45|0x00000000a2d00000, 0x00000000a2d00000, 0x00000000a2e00000|  0%| F|  |TAMS 0x00000000a2d00000, 0x00000000a2d00000| Untracked 
|  46|0x00000000a2e00000, 0x00000000a2e00000, 0x00000000a2f00000|  0%| F|  |TAMS 0x00000000a2e00000, 0x00000000a2e00000| Untracked 
|  47|0x00000000a2f00000, 0x00000000a2f00000, 0x00000000a3000000|  0%| F|  |TAMS 0x00000000a2f00000, 0x00000000a2f00000| Untracked 
|  48|0x00000000a3000000, 0x00000000a3000000, 0x00000000a3100000|  0%| F|  |TAMS 0x00000000a3000000, 0x00000000a3000000| Untracked 
|  49|0x00000000a3100000, 0x00000000a3100000, 0x00000000a3200000|  0%| F|  |TAMS 0x00000000a3100000, 0x00000000a3100000| Untracked 
|  50|0x00000000a3200000, 0x00000000a3200000, 0x00000000a3300000|  0%| F|  |TAMS 0x00000000a3200000, 0x00000000a3200000| Untracked 
|  51|0x00000000a3300000, 0x00000000a3300000, 0x00000000a3400000|  0%| F|  |TAMS 0x00000000a3300000, 0x00000000a3300000| Untracked 
|  52|0x00000000a3400000, 0x00000000a3400000, 0x00000000a3500000|  0%| F|  |TAMS 0x00000000a3400000, 0x00000000a3400000| Untracked 
|  53|0x00000000a3500000, 0x00000000a3500000, 0x00000000a3600000|  0%| F|  |TAMS 0x00000000a3500000, 0x00000000a3500000| Untracked 
|  54|0x00000000a3600000, 0x00000000a3600000, 0x00000000a3700000|  0%| F|  |TAMS 0x00000000a3600000, 0x00000000a3600000| Untracked 
|  55|0x00000000a3700000, 0x00000000a3700000, 0x00000000a3800000|  0%| F|  |TAMS 0x00000000a3700000, 0x00000000a3700000| Untracked 
|  56|0x00000000a3800000, 0x00000000a3800000, 0x00000000a3900000|  0%| F|  |TAMS 0x00000000a3800000, 0x00000000a3800000| Untracked 
|  57|0x00000000a3900000, 0x00000000a3900000, 0x00000000a3a00000|  0%| F|  |TAMS 0x00000000a3900000, 0x00000000a3900000| Untracked 
|  58|0x00000000a3a00000, 0x00000000a3a00000, 0x00000000a3b00000|  0%| F|  |TAMS 0x00000000a3a00000, 0x00000000a3a00000| Untracked 
|  59|0x00000000a3b00000, 0x00000000a3b00000, 0x00000000a3c00000|  0%| F|  |TAMS 0x00000000a3b00000, 0x00000000a3b00000| Untracked 
|  60|0x00000000a3c00000, 0x00000000a3c00000, 0x00000000a3d00000|  0%| F|  |TAMS 0x00000000a3c00000, 0x00000000a3c00000| Untracked 
|  61|0x00000000a3d00000, 0x00000000a3d00000, 0x00000000a3e00000|  0%| F|  |TAMS 0x00000000a3d00000, 0x00000000a3d00000| Untracked 
|  62|0x00000000a3e00000, 0x00000000a3e00000, 0x00000000a3f00000|  0%| F|  |TAMS 0x00000000a3e00000, 0x00000000a3e00000| Untracked 
|  63|0x00000000a3f00000, 0x00000000a3f00000, 0x00000000a4000000|  0%| F|  |TAMS 0x00000000a3f00000, 0x00000000a3f00000| Untracked 
|  64|0x00000000a4000000, 0x00000000a4000000, 0x00000000a4100000|  0%| F|  |TAMS 0x00000000a4000000, 0x00000000a4000000| Untracked 
|  65|0x00000000a4100000, 0x00000000a4100000, 0x00000000a4200000|  0%| F|  |TAMS 0x00000000a4100000, 0x00000000a4100000| Untracked 
|  66|0x00000000a4200000, 0x00000000a4200000, 0x00000000a4300000|  0%| F|  |TAMS 0x00000000a4200000, 0x00000000a4200000| Untracked 
|  67|0x00000000a4300000, 0x00000000a4300000, 0x00000000a4400000|  0%| F|  |TAMS 0x00000000a4300000, 0x00000000a4300000| Untracked 
|  68|0x00000000a4400000, 0x00000000a4400000, 0x00000000a4500000|  0%| F|  |TAMS 0x00000000a4400000, 0x00000000a4400000| Untracked 
|  69|0x00000000a4500000, 0x00000000a4500000, 0x00000000a4600000|  0%| F|  |TAMS 0x00000000a4500000, 0x00000000a4500000| Untracked 
|  70|0x00000000a4600000, 0x00000000a4600000, 0x00000000a4700000|  0%| F|  |TAMS 0x00000000a4600000, 0x00000000a4600000| Untracked 
|  71|0x00000000a4700000, 0x00000000a4700000, 0x00000000a4800000|  0%| F|  |TAMS 0x00000000a4700000, 0x00000000a4700000| Untracked 
|  72|0x00000000a4800000, 0x00000000a4800000, 0x00000000a4900000|  0%| F|  |TAMS 0x00000000a4800000, 0x00000000a4800000| Untracked 
|  73|0x00000000a4900000, 0x00000000a4900000, 0x00000000a4a00000|  0%| F|  |TAMS 0x00000000a4900000, 0x00000000a4900000| Untracked 
|  74|0x00000000a4a00000, 0x00000000a4a00000, 0x00000000a4b00000|  0%| F|  |TAMS 0x00000000a4a00000, 0x00000000a4a00000| Untracked 
|  75|0x00000000a4b00000, 0x00000000a4b00000, 0x00000000a4c00000|  0%| F|  |TAMS 0x00000000a4b00000, 0x00000000a4b00000| Untracked 
|  76|0x00000000a4c00000, 0x00000000a4c00000, 0x00000000a4d00000|  0%| F|  |TAMS 0x00000000a4c00000, 0x00000000a4c00000| Untracked 
|  77|0x00000000a4d00000, 0x00000000a4d00000, 0x00000000a4e00000|  0%| F|  |TAMS 0x00000000a4d00000, 0x00000000a4d00000| Untracked 
|  78|0x00000000a4e00000, 0x00000000a4e00000, 0x00000000a4f00000|  0%| F|  |TAMS 0x00000000a4e00000, 0x00000000a4e00000| Untracked 
|  79|0x00000000a4f00000, 0x00000000a4f00000, 0x00000000a5000000|  0%| F|  |TAMS 0x00000000a4f00000, 0x00000000a4f00000| Untracked 
|  80|0x00000000a5000000, 0x00000000a5000000, 0x00000000a5100000|  0%| F|  |TAMS 0x00000000a5000000, 0x00000000a5000000| Untracked 
|  81|0x00000000a5100000, 0x00000000a5100000, 0x00000000a5200000|  0%| F|  |TAMS 0x00000000a5100000, 0x00000000a5100000| Untracked 
|  82|0x00000000a5200000, 0x00000000a5200000, 0x00000000a5300000|  0%| F|  |TAMS 0x00000000a5200000, 0x00000000a5200000| Untracked 
|  83|0x00000000a5300000, 0x00000000a5300000, 0x00000000a5400000|  0%| F|  |TAMS 0x00000000a5300000, 0x00000000a5300000| Untracked 
|  84|0x00000000a5400000, 0x00000000a5400000, 0x00000000a5500000|  0%| F|  |TAMS 0x00000000a5400000, 0x00000000a5400000| Untracked 
|  85|0x00000000a5500000, 0x00000000a5500000, 0x00000000a5600000|  0%| F|  |TAMS 0x00000000a5500000, 0x00000000a5500000| Untracked 
|  86|0x00000000a5600000, 0x00000000a5600000, 0x00000000a5700000|  0%| F|  |TAMS 0x00000000a5600000, 0x00000000a5600000| Untracked 
|  87|0x00000000a5700000, 0x00000000a5700000, 0x00000000a5800000|  0%| F|  |TAMS 0x00000000a5700000, 0x00000000a5700000| Untracked 
|  88|0x00000000a5800000, 0x00000000a5800000, 0x00000000a5900000|  0%| F|  |TAMS 0x00000000a5800000, 0x00000000a5800000| Untracked 
|  89|0x00000000a5900000, 0x00000000a5900000, 0x00000000a5a00000|  0%| F|  |TAMS 0x00000000a5900000, 0x00000000a5900000| Untracked 
|  90|0x00000000a5a00000, 0x00000000a5a00000, 0x00000000a5b00000|  0%| F|  |TAMS 0x00000000a5a00000, 0x00000000a5a00000| Untracked 
|  91|0x00000000a5b00000, 0x00000000a5b00000, 0x00000000a5c00000|  0%| F|  |TAMS 0x00000000a5b00000, 0x00000000a5b00000| Untracked 
|  92|0x00000000a5c00000, 0x00000000a5c00000, 0x00000000a5d00000|  0%| F|  |TAMS 0x00000000a5c00000, 0x00000000a5c00000| Untracked 
|  93|0x00000000a5d00000, 0x00000000a5d00000, 0x00000000a5e00000|  0%| F|  |TAMS 0x00000000a5d00000, 0x00000000a5d00000| Untracked 
|  94|0x00000000a5e00000, 0x00000000a5e00000, 0x00000000a5f00000|  0%| F|  |TAMS 0x00000000a5e00000, 0x00000000a5e00000| Untracked 
|  95|0x00000000a5f00000, 0x00000000a5f00000, 0x00000000a6000000|  0%| F|  |TAMS 0x00000000a5f00000, 0x00000000a5f00000| Untracked 
|  96|0x00000000a6000000, 0x00000000a6000000, 0x00000000a6100000|  0%| F|  |TAMS 0x00000000a6000000, 0x00000000a6000000| Untracked 
|  97|0x00000000a6100000, 0x00000000a6100000, 0x00000000a6200000|  0%| F|  |TAMS 0x00000000a6100000, 0x00000000a6100000| Untracked 
|  98|0x00000000a6200000, 0x00000000a6200000, 0x00000000a6300000|  0%| F|  |TAMS 0x00000000a6200000, 0x00000000a6200000| Untracked 
|  99|0x00000000a6300000, 0x00000000a6300000, 0x00000000a6400000|  0%| F|  |TAMS 0x00000000a6300000, 0x00000000a6300000| Untracked 
| 100|0x00000000a6400000, 0x00000000a6400000, 0x00000000a6500000|  0%| F|  |TAMS 0x00000000a6400000, 0x00000000a6400000| Untracked 
| 101|0x00000000a6500000, 0x00000000a6500000, 0x00000000a6600000|  0%| F|  |TAMS 0x00000000a6500000, 0x00000000a6500000| Untracked 
| 102|0x00000000a6600000, 0x00000000a6600000, 0x00000000a6700000|  0%| F|  |TAMS 0x00000000a6600000, 0x00000000a6600000| Untracked 
| 103|0x00000000a6700000, 0x00000000a6700000, 0x00000000a6800000|  0%| F|  |TAMS 0x00000000a6700000, 0x00000000a6700000| Untracked 
| 104|0x00000000a6800000, 0x00000000a68a2c60, 0x00000000a6900000| 63%| S|CS|TAMS 0x00000000a6800000, 0x00000000a6800000| Complete 
| 105|0x00000000a6900000, 0x00000000a6a00000, 0x00000000a6a00000|100%| S|CS|TAMS 0x00000000a6900000, 0x00000000a6900000| Complete 
| 106|0x00000000a6a00000, 0x00000000a6b00000, 0x00000000a6b00000|100%| S|CS|TAMS 0x00000000a6a00000, 0x00000000a6a00000| Complete 
| 107|0x00000000a6b00000, 0x00000000a6c00000, 0x00000000a6c00000|100%| S|CS|TAMS 0x00000000a6b00000, 0x00000000a6b00000| Complete 
| 108|0x00000000a6c00000, 0x00000000a6d00000, 0x00000000a6d00000|100%| S|CS|TAMS 0x00000000a6c00000, 0x00000000a6c00000| Complete 
| 109|0x00000000a6d00000, 0x00000000a6e00000, 0x00000000a6e00000|100%| S|CS|TAMS 0x00000000a6d00000, 0x00000000a6d00000| Complete 
| 110|0x00000000a6e00000, 0x00000000a6f00000, 0x00000000a6f00000|100%| S|CS|TAMS 0x00000000a6e00000, 0x00000000a6e00000| Complete 
| 111|0x00000000a6f00000, 0x00000000a7000000, 0x00000000a7000000|100%| S|CS|TAMS 0x00000000a6f00000, 0x00000000a6f00000| Complete 
| 112|0x00000000a7000000, 0x00000000a7100000, 0x00000000a7100000|100%| S|CS|TAMS 0x00000000a7000000, 0x00000000a7000000| Complete 
| 113|0x00000000a7100000, 0x00000000a7100000, 0x00000000a7200000|  0%| F|  |TAMS 0x00000000a7100000, 0x00000000a7100000| Untracked 
| 114|0x00000000a7200000, 0x00000000a7200000, 0x00000000a7300000|  0%| F|  |TAMS 0x00000000a7200000, 0x00000000a7200000| Untracked 
| 115|0x00000000a7300000, 0x00000000a7400000, 0x00000000a7400000|100%| E|  |TAMS 0x00000000a7300000, 0x00000000a7300000| Complete 
| 116|0x00000000a7400000, 0x00000000a7500000, 0x00000000a7500000|100%| E|CS|TAMS 0x00000000a7400000, 0x00000000a7400000| Complete 
| 117|0x00000000a7500000, 0x00000000a7600000, 0x00000000a7600000|100%| E|CS|TAMS 0x00000000a7500000, 0x00000000a7500000| Complete 
| 118|0x00000000a7600000, 0x00000000a7700000, 0x00000000a7700000|100%| E|CS|TAMS 0x00000000a7600000, 0x00000000a7600000| Complete 
| 119|0x00000000a7700000, 0x00000000a7800000, 0x00000000a7800000|100%| E|CS|TAMS 0x00000000a7700000, 0x00000000a7700000| Complete 
| 120|0x00000000a7800000, 0x00000000a7900000, 0x00000000a7900000|100%| E|CS|TAMS 0x00000000a7800000, 0x00000000a7800000| Complete 
| 121|0x00000000a7900000, 0x00000000a7a00000, 0x00000000a7a00000|100%| E|CS|TAMS 0x00000000a7900000, 0x00000000a7900000| Complete 
| 122|0x00000000a7a00000, 0x00000000a7b00000, 0x00000000a7b00000|100%| E|CS|TAMS 0x00000000a7a00000, 0x00000000a7a00000| Complete 
| 123|0x00000000a7b00000, 0x00000000a7c00000, 0x00000000a7c00000|100%| E|CS|TAMS 0x00000000a7b00000, 0x00000000a7b00000| Complete 
| 124|0x00000000a7c00000, 0x00000000a7d00000, 0x00000000a7d00000|100%| E|CS|TAMS 0x00000000a7c00000, 0x00000000a7c00000| Complete 
| 125|0x00000000a7d00000, 0x00000000a7e00000, 0x00000000a7e00000|100%| E|CS|TAMS 0x00000000a7d00000, 0x00000000a7d00000| Complete 
| 126|0x00000000a7e00000, 0x00000000a7f00000, 0x00000000a7f00000|100%| E|CS|TAMS 0x00000000a7e00000, 0x00000000a7e00000| Complete 
| 127|0x00000000a7f00000, 0x00000000a8000000, 0x00000000a8000000|100%| E|CS|TAMS 0x00000000a7f00000, 0x00000000a7f00000| Complete 
| 128|0x00000000a8000000, 0x00000000a8100000, 0x00000000a8100000|100%| E|CS|TAMS 0x00000000a8000000, 0x00000000a8000000| Complete 
| 129|0x00000000a8100000, 0x00000000a8200000, 0x00000000a8200000|100%| E|CS|TAMS 0x00000000a8100000, 0x00000000a8100000| Complete 
| 130|0x00000000a8200000, 0x00000000a8300000, 0x00000000a8300000|100%| E|CS|TAMS 0x00000000a8200000, 0x00000000a8200000| Complete 
| 131|0x00000000a8300000, 0x00000000a8400000, 0x00000000a8400000|100%| E|CS|TAMS 0x00000000a8300000, 0x00000000a8300000| Complete 
| 132|0x00000000a8400000, 0x00000000a8500000, 0x00000000a8500000|100%| E|CS|TAMS 0x00000000a8400000, 0x00000000a8400000| Complete 
| 133|0x00000000a8500000, 0x00000000a8600000, 0x00000000a8600000|100%| E|CS|TAMS 0x00000000a8500000, 0x00000000a8500000| Complete 
| 134|0x00000000a8600000, 0x00000000a8700000, 0x00000000a8700000|100%| E|CS|TAMS 0x00000000a8600000, 0x00000000a8600000| Complete 
| 135|0x00000000a8700000, 0x00000000a8800000, 0x00000000a8800000|100%| E|CS|TAMS 0x00000000a8700000, 0x00000000a8700000| Complete 
| 136|0x00000000a8800000, 0x00000000a8900000, 0x00000000a8900000|100%| E|CS|TAMS 0x00000000a8800000, 0x00000000a8800000| Complete 
| 137|0x00000000a8900000, 0x00000000a8a00000, 0x00000000a8a00000|100%| E|CS|TAMS 0x00000000a8900000, 0x00000000a8900000| Complete 
| 138|0x00000000a8a00000, 0x00000000a8b00000, 0x00000000a8b00000|100%| E|CS|TAMS 0x00000000a8a00000, 0x00000000a8a00000| Complete 
| 139|0x00000000a8b00000, 0x00000000a8c00000, 0x00000000a8c00000|100%| E|CS|TAMS 0x00000000a8b00000, 0x00000000a8b00000| Complete 
| 140|0x00000000a8c00000, 0x00000000a8d00000, 0x00000000a8d00000|100%| E|CS|TAMS 0x00000000a8c00000, 0x00000000a8c00000| Complete 
| 141|0x00000000a8d00000, 0x00000000a8e00000, 0x00000000a8e00000|100%| E|CS|TAMS 0x00000000a8d00000, 0x00000000a8d00000| Complete 
| 142|0x00000000a8e00000, 0x00000000a8f00000, 0x00000000a8f00000|100%| E|CS|TAMS 0x00000000a8e00000, 0x00000000a8e00000| Complete 
| 143|0x00000000a8f00000, 0x00000000a9000000, 0x00000000a9000000|100%| E|CS|TAMS 0x00000000a8f00000, 0x00000000a8f00000| Complete 
| 144|0x00000000a9000000, 0x00000000a9100000, 0x00000000a9100000|100%| E|CS|TAMS 0x00000000a9000000, 0x00000000a9000000| Complete 
| 145|0x00000000a9100000, 0x00000000a9200000, 0x00000000a9200000|100%| E|CS|TAMS 0x00000000a9100000, 0x00000000a9100000| Complete 
| 146|0x00000000a9200000, 0x00000000a9300000, 0x00000000a9300000|100%| E|CS|TAMS 0x00000000a9200000, 0x00000000a9200000| Complete 
| 147|0x00000000a9300000, 0x00000000a9400000, 0x00000000a9400000|100%| E|CS|TAMS 0x00000000a9300000, 0x00000000a9300000| Complete 
| 148|0x00000000a9400000, 0x00000000a9500000, 0x00000000a9500000|100%| E|CS|TAMS 0x00000000a9400000, 0x00000000a9400000| Complete 
| 149|0x00000000a9500000, 0x00000000a9600000, 0x00000000a9600000|100%| E|CS|TAMS 0x00000000a9500000, 0x00000000a9500000| Complete 
| 150|0x00000000a9600000, 0x00000000a9700000, 0x00000000a9700000|100%| E|CS|TAMS 0x00000000a9600000, 0x00000000a9600000| Complete 
| 151|0x00000000a9700000, 0x00000000a9800000, 0x00000000a9800000|100%| E|CS|TAMS 0x00000000a9700000, 0x00000000a9700000| Complete 
| 152|0x00000000a9800000, 0x00000000a9900000, 0x00000000a9900000|100%| E|CS|TAMS 0x00000000a9800000, 0x00000000a9800000| Complete 
| 153|0x00000000a9900000, 0x00000000a9a00000, 0x00000000a9a00000|100%| E|CS|TAMS 0x00000000a9900000, 0x00000000a9900000| Complete 
| 154|0x00000000a9a00000, 0x00000000a9b00000, 0x00000000a9b00000|100%| E|CS|TAMS 0x00000000a9a00000, 0x00000000a9a00000| Complete 
| 155|0x00000000a9b00000, 0x00000000a9c00000, 0x00000000a9c00000|100%| E|CS|TAMS 0x00000000a9b00000, 0x00000000a9b00000| Complete 
| 156|0x00000000a9c00000, 0x00000000a9d00000, 0x00000000a9d00000|100%| E|CS|TAMS 0x00000000a9c00000, 0x00000000a9c00000| Complete 
| 157|0x00000000a9d00000, 0x00000000a9e00000, 0x00000000a9e00000|100%| E|  |TAMS 0x00000000a9d00000, 0x00000000a9d00000| Complete 
| 158|0x00000000a9e00000, 0x00000000a9f00000, 0x00000000a9f00000|100%| E|CS|TAMS 0x00000000a9e00000, 0x00000000a9e00000| Complete 
| 159|0x00000000a9f00000, 0x00000000aa000000, 0x00000000aa000000|100%| E|CS|TAMS 0x00000000a9f00000, 0x00000000a9f00000| Complete 

Card table byte_map: [0x000002ab44060000,0x000002ab44360000] _byte_map_base: 0x000002ab43b60000

Marking Bits (Prev, Next): (CMBitMap*) 0x000002ab312a4408, (CMBitMap*) 0x000002ab312a4440
 Prev Bits: [0x000002ab44660000, 0x000002ab45e60000)
 Next Bits: [0x000002ab45e60000, 0x000002ab47660000)

Polling page: 0x000002ab2f200000

Metaspace:

Usage:
  Non-class:     34.44 MB capacity,    34.00 MB ( 99%) used,   373.37 KB (  1%) free+waste,    73.38 KB ( <1%) overhead. 
      Class:      5.25 MB capacity,     4.94 MB ( 94%) used,   280.84 KB (  5%) free+waste,    34.81 KB ( <1%) overhead. 
       Both:     39.69 MB capacity,    38.95 MB ( 98%) used,   654.21 KB (  2%) free+waste,   108.19 KB ( <1%) overhead. 

Virtual space:
  Non-class space:       36.00 MB reserved,      34.50 MB ( 96%) committed 
      Class space:        1.00 GB reserved,       5.38 MB ( <1%) committed 
             Both:        1.04 GB reserved,      39.88 MB (  4%) committed 

Chunk freelists:
   Non-Class:  2.00 KB
       Class:  0 bytes
        Both:  2.00 KB

MaxMetaspaceSize: 17179869184.00 GB
CompressedClassSpaceSize: 1.00 GB

CodeHeap 'non-profiled nmethods': size=120064Kb used=1521Kb max_used=1521Kb free=118543Kb
 bounds [0x000002ab3c820000, 0x000002ab3ca90000, 0x000002ab43d60000]
CodeHeap 'profiled nmethods': size=120000Kb used=6983Kb max_used=6983Kb free=113016Kb
 bounds [0x000002ab352f0000, 0x000002ab359d0000, 0x000002ab3c820000]
CodeHeap 'non-nmethods': size=5696Kb used=2193Kb max_used=2213Kb free=3502Kb
 bounds [0x000002ab34d60000, 0x000002ab34fd0000, 0x000002ab352f0000]
 total_blobs=3983 nmethods=3224 adapters=669
 compilation: enabled
              stopped_count=0, restarted_count=0
 full_count=0

Compilation events (20 events):
Event: 23.781 Thread 0x000002ab4a544000 nmethod 3195 0x000002ab3599c410 code [0x000002ab3599c5c0, 0x000002ab3599c748]
Event: 23.787 Thread 0x000002ab4a544000 3196       3       groovy.lang.MetaClassImpl::getMethods (173 bytes)
Event: 23.789 Thread 0x000002ab4a544000 nmethod 3196 0x000002ab3599c810 code [0x000002ab3599cb60, 0x000002ab3599e198]
Event: 23.789 Thread 0x000002ab4a544000 3197   !   3       sun.reflect.annotation.AnnotationParser::parseAnnotation2 (284 bytes)
Event: 23.792 Thread 0x000002ab4a544000 nmethod 3197 0x000002ab3599e810 code [0x000002ab3599ec20, 0x000002ab359a08b8]
Event: 23.800 Thread 0x000002ab4a544000 3198       3       java.util.ComparableTimSort::countRunAndMakeAscending (123 bytes)
Event: 23.802 Thread 0x000002ab4a544000 nmethod 3198 0x000002ab359a1390 code [0x000002ab359a1600, 0x000002ab359a2428]
Event: 23.807 Thread 0x000002ab4a544000 3199       3       org.codehaus.groovy.reflection.CachedClass$3::initValue (232 bytes)
Event: 23.811 Thread 0x000002ab4a544000 nmethod 3199 0x000002ab359a2810 code [0x000002ab359a2cc0, 0x000002ab359a51a8]
Event: 23.813 Thread 0x000002ab4a544000 3200       1       org.codehaus.groovy.runtime.metaclass.NewStaticMetaMethod::getModifiers (3 bytes)
Event: 23.813 Thread 0x000002ab4a544000 nmethod 3200 0x000002ab3c99be10 code [0x000002ab3c99bfc0, 0x000002ab3c99c078]
Event: 23.815 Thread 0x000002ab4a544000 3201       3       java.lang.invoke.DirectMethodHandle$Holder::invokeStatic (18 bytes)
Event: 23.815 Thread 0x000002ab4a544000 nmethod 3201 0x000002ab359a6010 code [0x000002ab359a61e0, 0x000002ab359a66d8]
Event: 23.815 Thread 0x000002ab4a544000 3202       3       java.lang.StringConcatHelper::newString (46 bytes)
Event: 23.817 Thread 0x000002ab4a544000 nmethod 3202 0x000002ab359a6810 code [0x000002ab359a6aa0, 0x000002ab359a7528]
Event: 23.822 Thread 0x000002ab4a544000 3203       3       jdk.internal.misc.Unsafe::allocateUninitializedArray0 (90 bytes)
Event: 23.823 Thread 0x000002ab4a544000 nmethod 3203 0x000002ab359a7910 code [0x000002ab359a7b00, 0x000002ab359a8358]
Event: 23.826 Thread 0x000002ab4a544000 3204       3       java.util.TimSort::binarySort (223 bytes)
Event: 23.827 Thread 0x000002ab4a544000 nmethod 3204 0x000002ab359a8490 code [0x000002ab359a86c0, 0x000002ab359a9178]
Event: 23.829 Thread 0x000002ab4a544000 3205       3       sun.reflect.generics.repository.ConstructorRepository::<init> (7 bytes)

GC Heap History (14 events):
Event: 3.156 GC heap before
{Heap before GC invocations=0 (full 0):
 garbage-first heap   total 163840K, used 19456K [0x00000000a0000000, 0x0000000100000000)
  region size 1024K, 14 young (14336K), 0 survivors (0K)
 Metaspace       used 7500K, capacity 7743K, committed 7936K, reserved 1056768K
  class space    used 689K, capacity 748K, committed 768K, reserved 1048576K
}
Event: 3.220 GC heap after
{Heap after GC invocations=1 (full 0):
 garbage-first heap   total 163840K, used 7968K [0x00000000a0000000, 0x0000000100000000)
  region size 1024K, 2 young (2048K), 2 survivors (2048K)
 Metaspace       used 7500K, capacity 7743K, committed 7936K, reserved 1056768K
  class space    used 689K, capacity 748K, committed 768K, reserved 1048576K
}
Event: 4.396 GC heap before
{Heap before GC invocations=1 (full 0):
 garbage-first heap   total 163840K, used 19232K [0x00000000a0000000, 0x0000000100000000)
  region size 1024K, 13 young (13312K), 2 survivors (2048K)
 Metaspace       used 10868K, capacity 11085K, committed 11264K, reserved 1058816K
  class space    used 1145K, capacity 1203K, committed 1280K, reserved 1048576K
}
Event: 4.403 GC heap after
{Heap after GC invocations=2 (full 0):
 garbage-first heap   total 163840K, used 8830K [0x00000000a0000000, 0x0000000100000000)
  region size 1024K, 1 young (1024K), 1 survivors (1024K)
 Metaspace       used 10868K, capacity 11085K, committed 11264K, reserved 1058816K
  class space    used 1145K, capacity 1203K, committed 1280K, reserved 1048576K
}
Event: 6.295 GC heap before
{Heap before GC invocations=2 (full 0):
 garbage-first heap   total 163840K, used 34430K [0x00000000a0000000, 0x0000000100000000)
  region size 1024K, 27 young (27648K), 1 survivors (1024K)
 Metaspace       used 11025K, capacity 11214K, committed 11520K, reserved 1058816K
  class space    used 1146K, capacity 1203K, committed 1280K, reserved 1048576K
}
Event: 6.301 GC heap after
{Heap after GC invocations=3 (full 0):
 garbage-first heap   total 163840K, used 12950K [0x00000000a0000000, 0x0000000100000000)
  region size 1024K, 4 young (4096K), 4 survivors (4096K)
 Metaspace       used 11025K, capacity 11214K, committed 11520K, reserved 1058816K
  class space    used 1146K, capacity 1203K, committed 1280K, reserved 1048576K
}
Event: 12.040 GC heap before
{Heap before GC invocations=3 (full 0):
 garbage-first heap   total 163840K, used 51862K [0x00000000a0000000, 0x0000000100000000)
  region size 1024K, 42 young (43008K), 4 survivors (4096K)
 Metaspace       used 18141K, capacity 18531K, committed 18816K, reserved 1064960K
  class space    used 2176K, capacity 2308K, committed 2432K, reserved 1048576K
}
Event: 12.092 GC heap after
{Heap after GC invocations=4 (full 0):
 garbage-first heap   total 163840K, used 15953K [0x00000000a0000000, 0x0000000100000000)
  region size 1024K, 3 young (3072K), 3 survivors (3072K)
 Metaspace       used 18141K, capacity 18531K, committed 18816K, reserved 1064960K
  class space    used 2176K, capacity 2308K, committed 2432K, reserved 1048576K
}
Event: 13.159 GC heap before
{Heap before GC invocations=4 (full 0):
 garbage-first heap   total 163840K, used 32337K [0x00000000a0000000, 0x0000000100000000)
  region size 1024K, 20 young (20480K), 3 survivors (3072K)
 Metaspace       used 20595K, capacity 21075K, committed 21248K, reserved 1067008K
  class space    used 2535K, capacity 2693K, committed 2816K, reserved 1048576K
}
Event: 13.168 GC heap after
{Heap after GC invocations=5 (full 0):
 garbage-first heap   total 163840K, used 16584K [0x00000000a0000000, 0x0000000100000000)
  region size 1024K, 4 young (4096K), 4 survivors (4096K)
 Metaspace       used 20595K, capacity 21075K, committed 21248K, reserved 1067008K
  class space    used 2535K, capacity 2693K, committed 2816K, reserved 1048576K
}
Event: 18.485 GC heap before
{Heap before GC invocations=6 (full 0):
 garbage-first heap   total 163840K, used 68808K [0x00000000a0000000, 0x0000000100000000)
  region size 1024K, 56 young (57344K), 4 survivors (4096K)
 Metaspace       used 26327K, capacity 26886K, committed 27008K, reserved 1073152K
  class space    used 3443K, capacity 3635K, committed 3712K, reserved 1048576K
}
Event: 18.499 GC heap after
{Heap after GC invocations=7 (full 0):
 garbage-first heap   total 163840K, used 18604K [0x00000000a0000000, 0x0000000100000000)
  region size 1024K, 6 young (6144K), 6 survivors (6144K)
 Metaspace       used 26327K, capacity 26886K, committed 27008K, reserved 1073152K
  class space    used 3443K, capacity 3635K, committed 3712K, reserved 1048576K
}
Event: 21.576 GC heap before
{Heap before GC invocations=7 (full 0):
 garbage-first heap   total 163840K, used 67756K [0x00000000a0000000, 0x0000000100000000)
  region size 1024K, 53 young (54272K), 6 survivors (6144K)
 Metaspace       used 35109K, capacity 35740K, committed 35840K, reserved 1081344K
  class space    used 4522K, capacity 4775K, committed 4864K, reserved 1048576K
}
Event: 21.595 GC heap after
{Heap after GC invocations=8 (full 0):
 garbage-first heap   total 163840K, used 23948K [0x00000000a0000000, 0x0000000100000000)
  region size 1024K, 9 young (9216K), 9 survivors (9216K)
 Metaspace       used 35109K, capacity 35740K, committed 35840K, reserved 1081344K
  class space    used 4522K, capacity 4775K, committed 4864K, reserved 1048576K
}

Deoptimization events (20 events):
Event: 23.303 Thread 0x000002ab4bd88800 Uncommon trap: trap_request=0xffffff4d fr.pc=0x000002ab3c850394 relative=0x00000000000000d4
Event: 23.303 Thread 0x000002ab4bd88800 Uncommon trap: reason=unstable_if action=reinterpret pc=0x000002ab3c850394 method=java.util.HashMap.hash(Ljava/lang/Object;)I @ 1 c2
Event: 23.303 Thread 0x000002ab4bd88800 DEOPT PACKING pc=0x000002ab3c850394 sp=0x000000b0e66f96e0
Event: 23.303 Thread 0x000002ab4bd88800 DEOPT UNPACKING pc=0x000002ab34d8782f sp=0x000000b0e66f9620 mode 2
Event: 23.303 Thread 0x000002ab4bd88800 Uncommon trap: trap_request=0xffffff4d fr.pc=0x000002ab3c96c94c relative=0x00000000000006cc
Event: 23.303 Thread 0x000002ab4bd88800 Uncommon trap: reason=unstable_if action=reinterpret pc=0x000002ab3c96c94c method=java.util.HashMap.putVal(ILjava/lang/Object;Ljava/lang/Object;ZZ)Ljava/lang/Object; @ 85 c2
Event: 23.303 Thread 0x000002ab4bd88800 DEOPT PACKING pc=0x000002ab3c96c94c sp=0x000000b0e66f9610
Event: 23.303 Thread 0x000002ab4bd88800 DEOPT UNPACKING pc=0x000002ab34d8782f sp=0x000000b0e66f95c8 mode 2
Event: 23.317 Thread 0x000002ab4bd88800 Uncommon trap: trap_request=0xffffff4d fr.pc=0x000002ab3c95db78 relative=0x0000000000000318
Event: 23.317 Thread 0x000002ab4bd88800 Uncommon trap: reason=unstable_if action=reinterpret pc=0x000002ab3c95db78 method=org.gradle.internal.reflect.PropertyAccessorType.isGetGetterName(Ljava/lang/String;)Z @ 14 c2
Event: 23.317 Thread 0x000002ab4bd88800 DEOPT PACKING pc=0x000002ab3c95db78 sp=0x000000b0e66f9f50
Event: 23.317 Thread 0x000002ab4bd88800 DEOPT UNPACKING pc=0x000002ab34d8782f sp=0x000000b0e66f9ea8 mode 2
Event: 23.341 Thread 0x000002ab4bd88800 Uncommon trap: trap_request=0xffffff6e fr.pc=0x000002ab3c9889e4 relative=0x00000000000007a4
Event: 23.343 Thread 0x000002ab4bd88800 Uncommon trap: reason=speculate_class_check action=maybe_recompile pc=0x000002ab3c9889e4 method=java.lang.reflect.Executable.declaredAnnotations()Ljava/util/Map; @ 23 c2
Event: 23.343 Thread 0x000002ab4bd88800 DEOPT PACKING pc=0x000002ab3c9889e4 sp=0x000000b0e66fa020
Event: 23.343 Thread 0x000002ab4bd88800 DEOPT UNPACKING pc=0x000002ab34d8782f sp=0x000000b0e66f9f60 mode 2
Event: 23.387 Thread 0x000002ab4bd88800 Uncommon trap: trap_request=0xffffff4d fr.pc=0x000002ab3c939488 relative=0x00000000000000e8
Event: 23.387 Thread 0x000002ab4bd88800 Uncommon trap: reason=unstable_if action=reinterpret pc=0x000002ab3c939488 method=org.objectweb.asm.ByteVector.putShort(I)Lorg/objectweb/asm/ByteVector; @ 13 c2
Event: 23.387 Thread 0x000002ab4bd88800 DEOPT PACKING pc=0x000002ab3c939488 sp=0x000000b0e66f9b50
Event: 23.387 Thread 0x000002ab4bd88800 DEOPT UNPACKING pc=0x000002ab34d8782f sp=0x000000b0e66f9ae8 mode 2

Classes redefined (0 events):
No events

Internal exceptions (20 events):
Event: 22.470 Thread 0x000002ab4bd88800 Exception <a 'java/lang/ClassNotFoundException'{0x00000000a907ff20}: java/util/AbstractMapCustomizer> (0x00000000a907ff20) thrown at [./src/hotspot/share/classfile/systemDictionary.cpp, line 231]
Event: 22.472 Thread 0x000002ab4bd88800 Exception <a 'java/lang/ClassNotFoundException'{0x00000000a9095b98}: org/apache/groovy/json/internal/LazyMapCustomizer> (0x00000000a9095b98) thrown at [./src/hotspot/share/classfile/systemDictionary.cpp, line 231]
Event: 22.522 Thread 0x000002ab4bd88800 Exception <a 'java/lang/ClassNotFoundException'{0x00000000a8fce380}: java/util/ArrayListBeanInfo> (0x00000000a8fce380) thrown at [./src/hotspot/share/classfile/systemDictionary.cpp, line 231]
Event: 22.523 Thread 0x000002ab4bd88800 Exception <a 'java/lang/ClassNotFoundException'{0x00000000a8fd3030}: java/util/AbstractListBeanInfo> (0x00000000a8fd3030) thrown at [./src/hotspot/share/classfile/systemDictionary.cpp, line 231]
Event: 22.523 Thread 0x000002ab4bd88800 Exception <a 'java/lang/ClassNotFoundException'{0x00000000a8fd7fc0}: java/util/AbstractCollectionBeanInfo> (0x00000000a8fd7fc0) thrown at [./src/hotspot/share/classfile/systemDictionary.cpp, line 231]
Event: 22.524 Thread 0x000002ab4bd88800 Exception <a 'java/lang/ClassNotFoundException'{0x00000000a8fdcf30}: java/util/AbstractCollectionCustomizer> (0x00000000a8fdcf30) thrown at [./src/hotspot/share/classfile/systemDictionary.cpp, line 231]
Event: 22.525 Thread 0x000002ab4bd88800 Exception <a 'java/lang/ClassNotFoundException'{0x00000000a8feabd0}: java/util/AbstractListCustomizer> (0x00000000a8feabd0) thrown at [./src/hotspot/share/classfile/systemDictionary.cpp, line 231]
Event: 22.527 Thread 0x000002ab4bd88800 Exception <a 'java/lang/ClassNotFoundException'{0x00000000a8ffa420}: java/util/ArrayListCustomizer> (0x00000000a8ffa420) thrown at [./src/hotspot/share/classfile/systemDictionary.cpp, line 231]
Event: 23.303 Thread 0x000002ab4bd88800 Implicit null exception at 0x000002ab3c8502f8 to 0x000002ab3c85038a
Event: 23.738 Thread 0x000002ab4bd88800 Exception <a 'java/lang/ClassNotFoundException'{0x00000000a76e50e0}: build_4f5jabgpdgqa2m0fhhjd9pjnyBeanInfo> (0x00000000a76e50e0) thrown at [./src/hotspot/share/classfile/systemDictionary.cpp, line 231]
Event: 23.739 Thread 0x000002ab4bd88800 Exception <a 'java/lang/ClassNotFoundException'{0x00000000a76f5a18}: org/gradle/api/internal/project/ProjectScriptBeanInfo> (0x00000000a76f5a18) thrown at [./src/hotspot/share/classfile/systemDictionary.cpp, line 231]
Event: 23.740 Thread 0x000002ab4bd88800 Exception <a 'java/lang/ClassNotFoundException'{0x00000000a7506878}: org/gradle/api/internal/project/ProjectScriptCustomizer> (0x00000000a7506878) thrown at [./src/hotspot/share/classfile/systemDictionary.cpp, line 231]
Event: 23.742 Thread 0x000002ab4bd88800 Exception <a 'java/lang/ClassNotFoundException'{0x00000000a751f948}: build_4f5jabgpdgqa2m0fhhjd9pjnyCustomizer> (0x00000000a751f948) thrown at [./src/hotspot/share/classfile/systemDictionary.cpp, line 231]
Event: 23.758 Thread 0x000002ab4bd88800 Exception <a 'java/lang/ClassNotFoundException'{0x00000000a7580848}: org/gradle/internal/metaobject/ConfigureDelegateBeanInfo> (0x00000000a7580848) thrown at [./src/hotspot/share/classfile/systemDictionary.cpp, line 231]
Event: 23.759 Thread 0x000002ab4bd88800 Exception <a 'java/lang/ClassNotFoundException'{0x00000000a759f0a8}: org/gradle/internal/metaobject/ConfigureDelegateCustomizer> (0x00000000a759f0a8) thrown at [./src/hotspot/share/classfile/systemDictionary.cpp, line 231]
Event: 23.765 Thread 0x000002ab4bd88800 Exception <a 'java/lang/ClassNotFoundException'{0x00000000a75e3100}: org/gradle/api/internal/initialization/DefaultScriptHandlerBeanInfo> (0x00000000a75e3100) thrown at [./src/hotspot/share/classfile/systemDictionary.cpp, line 231]
Event: 23.767 Thread 0x000002ab4bd88800 Exception <a 'java/lang/ClassNotFoundException'{0x00000000a7405018}: org/gradle/api/internal/initialization/DefaultScriptHandlerCustomizer> (0x00000000a7405018) thrown at [./src/hotspot/share/classfile/systemDictionary.cpp, line 231]
Event: 23.819 Thread 0x000002ab4bd88800 Exception <a 'java/lang/ClassNotFoundException'{0x00000000a74cdf60}: org/gradle/api/internal/project/DefaultProject_DecoratedBeanInfo> (0x00000000a74cdf60) thrown at [./src/hotspot/share/classfile/systemDictionary.cpp, line 231]
Event: 23.822 Thread 0x000002ab4bd88800 Exception <a 'java/lang/ClassNotFoundException'{0x00000000a74ed600}: org/gradle/api/internal/project/DefaultProjectBeanInfo> (0x00000000a74ed600) thrown at [./src/hotspot/share/classfile/systemDictionary.cpp, line 231]
Event: 23.825 Thread 0x000002ab4bd88800 Exception <a 'java/lang/ClassNotFoundException'{0x00000000a730d720}: org/gradle/api/internal/project/DefaultProjectCustomizer> (0x00000000a730d720) thrown at [./src/hotspot/share/classfile/systemDictionary.cpp, line 231]

Events (20 events):
Event: 23.817 loading class org/gradle/api/internal/project/DefaultProject_DecoratedBeanInfo
Event: 23.817 loading class org/gradle/api/internal/project/DefaultProject_DecoratedBeanInfo done
Event: 23.819 loading class org/gradle/api/internal/project/DefaultProject_DecoratedBeanInfo
Event: 23.819 loading class org/gradle/api/internal/project/DefaultProject_DecoratedBeanInfo done
Event: 23.820 loading class org/gradle/api/internal/project/DefaultProjectBeanInfo
Event: 23.820 loading class org/gradle/api/internal/project/DefaultProjectBeanInfo done
Event: 23.820 loading class org/gradle/api/internal/project/DefaultProjectBeanInfo
Event: 23.820 loading class org/gradle/api/internal/project/DefaultProjectBeanInfo done
Event: 23.821 loading class org/gradle/api/internal/project/DefaultProjectBeanInfo
Event: 23.821 loading class org/gradle/api/internal/project/DefaultProjectBeanInfo done
Event: 23.822 loading class org/gradle/api/internal/project/DefaultProjectBeanInfo
Event: 23.822 loading class org/gradle/api/internal/project/DefaultProjectBeanInfo done
Event: 23.823 loading class org/gradle/api/internal/project/DefaultProjectCustomizer
Event: 23.823 loading class org/gradle/api/internal/project/DefaultProjectCustomizer done
Event: 23.824 loading class org/gradle/api/internal/project/DefaultProjectCustomizer
Event: 23.824 loading class org/gradle/api/internal/project/DefaultProjectCustomizer done
Event: 23.824 loading class org/gradle/api/internal/project/DefaultProjectCustomizer
Event: 23.824 loading class org/gradle/api/internal/project/DefaultProjectCustomizer done
Event: 23.825 loading class org/gradle/api/internal/project/DefaultProjectCustomizer
Event: 23.825 loading class org/gradle/api/internal/project/DefaultProjectCustomizer done


Dynamic libraries:
0x00007ff72b5b0000 - 0x00007ff72b5ba000 	C:\Users\DELL\Desktop\New folder (2)\jre\bin\java.exe
0x00007fff708d0000 - 0x00007fff70ac5000 	C:\Windows\SYSTEM32\ntdll.dll
0x00007fff6f0c0000 - 0x00007fff6f17e000 	C:\Windows\System32\KERNEL32.DLL
0x00007fff6e3d0000 - 0x00007fff6e698000 	C:\Windows\System32\KERNELBASE.dll
0x00007fff6dfe0000 - 0x00007fff6e0e0000 	C:\Windows\System32\ucrtbase.dll
0x00007fff51f60000 - 0x00007fff51f77000 	C:\Users\DELL\Desktop\New folder (2)\jre\bin\VCRUNTIME140.dll
0x00007fff51f80000 - 0x00007fff51f99000 	C:\Users\DELL\Desktop\New folder (2)\jre\bin\jli.dll
0x00007fff70590000 - 0x00007fff70731000 	C:\Windows\System32\USER32.dll
0x00007fff6e310000 - 0x00007fff6e332000 	C:\Windows\System32\win32u.dll
0x00007fff6f9b0000 - 0x00007fff6f9db000 	C:\Windows\System32\GDI32.dll
0x00007fff6e750000 - 0x00007fff6e85d000 	C:\Windows\System32\gdi32full.dll
0x00007fff6e0e0000 - 0x00007fff6e17d000 	C:\Windows\System32\msvcp_win.dll
0x00007fff5e520000 - 0x00007fff5e7ba000 	C:\Windows\WinSxS\amd64_microsoft.windows.common-controls_6595b64144ccf1df_6.0.19041.1110_none_60b5254171f9507e\COMCTL32.dll
0x00007fff70740000 - 0x00007fff707de000 	C:\Windows\System32\msvcrt.dll
0x00007fff6fbd0000 - 0x00007fff6fc00000 	C:\Windows\System32\IMM32.DLL
0x00007fff45ac0000 - 0x00007fff45b5d000 	C:\Users\DELL\Desktop\New folder (2)\jre\bin\msvcp140.dll
0x00007fff17820000 - 0x00007fff182ef000 	C:\Users\DELL\Desktop\New folder (2)\jre\bin\server\jvm.dll
0x00007fff70320000 - 0x00007fff703cc000 	C:\Windows\System32\ADVAPI32.dll
0x00007fff6fb30000 - 0x00007fff6fbcb000 	C:\Windows\System32\sechost.dll
0x00007fff6f180000 - 0x00007fff6f2aa000 	C:\Windows\System32\RPCRT4.dll
0x00007fff6f9a0000 - 0x00007fff6f9a8000 	C:\Windows\System32\PSAPI.DLL
0x00007fff697b0000 - 0x00007fff697b9000 	C:\Windows\SYSTEM32\WSOCK32.dll
0x00007fff70000000 - 0x00007fff7006b000 	C:\Windows\System32\WS2_32.dll
0x00007fff5f560000 - 0x00007fff5f587000 	C:\Windows\SYSTEM32\WINMM.dll
0x00007fff5fac0000 - 0x00007fff5faca000 	C:\Windows\SYSTEM32\VERSION.dll
0x00007fff6bed0000 - 0x00007fff6bee2000 	C:\Windows\SYSTEM32\kernel.appcore.dll
0x00007fff5c800000 - 0x00007fff5c811000 	C:\Users\DELL\Desktop\New folder (2)\jre\bin\verify.dll
0x00007fff5cf70000 - 0x00007fff5d154000 	C:\Windows\SYSTEM32\DBGHELP.DLL
0x00007fff5ced0000 - 0x00007fff5cefc000 	C:\Windows\SYSTEM32\dbgcore.DLL
0x00007fff6e340000 - 0x00007fff6e3c2000 	C:\Windows\System32\bcryptPrimitives.dll
0x00007fff5b6a0000 - 0x00007fff5b6c9000 	C:\Users\DELL\Desktop\New folder (2)\jre\bin\java.dll
0x00007fff69560000 - 0x00007fff6956b000 	C:\Users\DELL\Desktop\New folder (2)\jre\bin\jimage.dll
0x00007fff5b850000 - 0x00007fff5b868000 	C:\Users\DELL\Desktop\New folder (2)\jre\bin\zip.dll
0x00007fff6e910000 - 0x00007fff6f054000 	C:\Windows\System32\SHELL32.dll
0x00007fff6c0d0000 - 0x00007fff6c864000 	C:\Windows\SYSTEM32\windows.storage.dll
0x00007fff6fca0000 - 0x00007fff6fff5000 	C:\Windows\System32\combase.dll
0x00007fff6da30000 - 0x00007fff6da5e000 	C:\Windows\SYSTEM32\Wldp.dll
0x00007fff6f3e0000 - 0x00007fff6f48d000 	C:\Windows\System32\SHCORE.dll
0x00007fff6fad0000 - 0x00007fff6fb25000 	C:\Windows\System32\shlwapi.dll
0x00007fff6df20000 - 0x00007fff6df3f000 	C:\Windows\SYSTEM32\profapi.dll
0x00007fff5af80000 - 0x00007fff5af9a000 	C:\Users\DELL\Desktop\New folder (2)\jre\bin\net.dll
0x00007fff61460000 - 0x00007fff6156c000 	C:\Windows\SYSTEM32\WINHTTP.dll
0x00007fff6d790000 - 0x00007fff6d7fa000 	C:\Windows\system32\mswsock.dll
0x00007fff584f0000 - 0x00007fff58504000 	C:\Users\DELL\Desktop\New folder (2)\jre\bin\nio.dll
0x00007fff51ec0000 - 0x00007fff51ee7000 	C:\Users\DELL\.gradle\native\fdc75f09e3144964f2cf3f50f0aa648679c211496f362492102eb8c894070792\windows-amd64\native-platform.dll
0x00007fff45920000 - 0x00007fff45ab6000 	C:\Users\DELL\.gradle\native\12488b8bf47d2d4c9fbf2f6322a914ad602e24e48041cd04a747c6da556b65c4\windows-amd64\native-platform-file-events.dll
0x00007fff67ec0000 - 0x00007fff67eca000 	C:\Users\DELL\Desktop\New folder (2)\jre\bin\management.dll
0x00007fff67580000 - 0x00007fff6758c000 	C:\Users\DELL\Desktop\New folder (2)\jre\bin\management_ext.dll
0x00007fff6d990000 - 0x00007fff6d9a8000 	C:\Windows\SYSTEM32\CRYPTSP.dll
0x00007fff6d0a0000 - 0x00007fff6d0d4000 	C:\Windows\system32\rsaenh.dll
0x00007fff6e2e0000 - 0x00007fff6e307000 	C:\Windows\System32\bcrypt.dll
0x00007fff6dee0000 - 0x00007fff6df0e000 	C:\Windows\SYSTEM32\USERENV.dll
0x00007fff6d980000 - 0x00007fff6d98c000 	C:\Windows\SYSTEM32\CRYPTBASE.dll
0x00007fff6d430000 - 0x00007fff6d46b000 	C:\Windows\SYSTEM32\IPHLPAPI.DLL
0x00007fff703d0000 - 0x00007fff703d8000 	C:\Windows\System32\NSI.dll
0x00007fff67250000 - 0x00007fff67267000 	C:\Windows\SYSTEM32\dhcpcsvc6.DLL
0x00007fff67b60000 - 0x00007fff67b7d000 	C:\Windows\SYSTEM32\dhcpcsvc.DLL
0x00007fff6d480000 - 0x00007fff6d54b000 	C:\Windows\SYSTEM32\DNSAPI.dll
0x00007fff67c70000 - 0x00007fff67c7b000 	C:\Windows\SYSTEM32\WINNSI.DLL

dbghelp: loaded successfully - version: 4.0.5 - missing functions: none
symbol engine: initialized successfully - sym options: 0x614 - pdb path: .;C:\Users\DELL\Desktop\New folder (2)\jre\bin;C:\Windows\SYSTEM32;C:\Windows\WinSxS\amd64_microsoft.windows.common-controls_6595b64144ccf1df_6.0.19041.1110_none_60b5254171f9507e;C:\Users\DELL\Desktop\New folder (2)\jre\bin\server;C:\Users\DELL\.gradle\native\fdc75f09e3144964f2cf3f50f0aa648679c211496f362492102eb8c894070792\windows-amd64;C:\Users\DELL\.gradle\native\12488b8bf47d2d4c9fbf2f6322a914ad602e24e48041cd04a747c6da556b65c4\windows-amd64

VM Arguments:
jvm_args: --add-opens=java.base/java.util=ALL-UNNAMED --add-opens=java.base/java.lang=ALL-UNNAMED --add-opens=java.base/java.lang.invoke=ALL-UNNAMED --add-opens=java.prefs/java.util.prefs=ALL-UNNAMED -Xmx1536M -Dfile.encoding=windows-1252 -Duser.country=IN -Duser.language=en -Duser.variant 
java_command: org.gradle.launcher.daemon.bootstrap.GradleDaemon 6.7
java_class_path (initial): C:\Users\DELL\.gradle\wrapper\dists\gradle-6.7-all\cuy9mc7upwgwgeb72wkcrupxe\gradle-6.7\lib\gradle-launcher-6.7.jar
Launcher Type: SUN_STANDARD

[Global flags]
     intx CICompilerCount                          = 3                                         {product} {ergonomic}
     uint ConcGCThreads                            = 1                                         {product} {ergonomic}
     uint G1ConcRefinementThreads                  = 4                                         {product} {ergonomic}
   size_t G1HeapRegionSize                         = 1048576                                   {product} {ergonomic}
    uintx GCDrainStackTargetSize                   = 64                                        {product} {ergonomic}
   size_t InitialHeapSize                          = 167772160                                 {product} {ergonomic}
   size_t MarkStackSize                            = 4194304                                   {product} {ergonomic}
   size_t MaxHeapSize                              = 1610612736                                {product} {command line}
   size_t MaxNewSize                               = 965738496                                 {product} {ergonomic}
   size_t MinHeapDeltaBytes                        = 1048576                                   {product} {ergonomic}
    uintx NonNMethodCodeHeapSize                   = 5830732                                {pd product} {ergonomic}
    uintx NonProfiledCodeHeapSize                  = 122913754                              {pd product} {ergonomic}
    uintx ProfiledCodeHeapSize                     = 122913754                              {pd product} {ergonomic}
    uintx ReservedCodeCacheSize                    = 251658240                              {pd product} {ergonomic}
     bool SegmentedCodeCache                       = true                                      {product} {ergonomic}
     bool UseCompressedClassPointers               = true                                 {lp64_product} {ergonomic}
     bool UseCompressedOops                        = true                                 {lp64_product} {ergonomic}
     bool UseG1GC                                  = true                                      {product} {ergonomic}
     bool UseLargePagesIndividualAllocation        = false                                  {pd product} {ergonomic}

Logging:
Log output configuration:
 #0: stdout all=warning uptime,level,tags
 #1: stderr all=off uptime,level,tags

Environment Variables:
JAVA_HOME=C:\Users\DELL\Desktop\New folder (2)\jre
CLASSPATH=C:\Users\DELL\Desktop\tflite_flutter-master\android\\gradle\wrapper\gradle-wrapper.jar
PATH=C:\Program Files\Common Files\Oracle\Java\javapath;C:\Windows\system32;C:\Windows;C:\Windows\System32\Wbem;C:\Windows\System32\WindowsPowerShell\v1.0\;C:\Windows\System32\OpenSSH\;C:\Users\DELL\anaconda3\;C:\Program Files\Git\cmd;C:\Program Files\PuTTY\;C:\Users\DELL\AppData\Local\Programs\Python\Python39\Scripts\;C:\Users\DELL\AppData\Local\Programs\Python\Python39\;C:\Users\DELL\AppData\Local\Programs\Python\Launcher\;C:\Users\DELL\AppData\Local\Microsoft\WindowsApps;C:\Users\DELL\AppData\Local\Programs\Microsoft VS Code\bin;C:\Program Files\JetBrains\PyCharm Community Edition 2021.2\bin;;D:\flutter\bin;D:\flutter\bin\mingit\cmd
USERNAME=DELL
OS=Windows_NT
PROCESSOR_IDENTIFIER=Intel64 Family 6 Model 58 Stepping 9, GenuineIntel



---------------  S Y S T E M  ---------------

OS: Windows 10 , 64 bit Build 19041 (10.0.19041.1348)
OS uptime: 4 days 20:32 hours

CPU:total 4 (initial active 4) (2 cores per cpu, 2 threads per core) family 6 model 58 stepping 9 microcode 0x21, cmov, cx8, fxsr, mmx, sse, sse2, sse3, ssse3, sse4.1, sse4.2, popcnt, avx, aes, clmul, erms, ht, tsc, tscinvbit, tscinv

Memory: 4k page, system-wide physical 10113M (67M free)
TotalPageFile size 23863M (AvailPageFile size 0M)
current process WorkingSet (physical memory assigned to process): 194M, peak: 194M
current process commit charge ("private bytes"): 315M, peak: 316M

vm_info: OpenJDK 64-Bit Server VM (11.0.10+0-b96-7249189) for windows-amd64 JRE (11.0.10+0-b96-7249189), built on Mar 31 2021 21:44:00 by "builder" with MS VC++ 14.0 (VS2015)

END.
