#
# There is insufficient memory for the Java Runtime Environment to continue.
# Native memory allocation (mmap) failed to map 167772160 bytes for G1 virtual space
# Possible reasons:
#   The system is out of physical RAM or swap space
#   The process is running with CompressedOops enabled, and the Java Heap may be blocking the growth of the native heap
# Possible solutions:
#   Reduce memory load on the system
#   Increase physical memory or swap space
#   Check if swap backing store is full
#   Decrease Java heap size (-Xmx/-Xms)
#   Decrease number of Java threads
#   Decrease Java thread stack sizes (-Xss)
#   Set larger code cache with -XX:ReservedCodeCacheSize=
#   JVM is running with Zero Based Compressed Oops mode in which the Java heap is
#     placed in the first 32GB address space. The Java Heap base address is the
#     maximum limit for the native heap growth. Please use -XX:HeapBaseMinAddress
#     to set the Java Heap base and to place the Java Heap above 32GB virtual address.
# This output file may be truncated or incomplete.
#
#  Out of Memory Error (os_windows.cpp:3466), pid=783076, tid=774588
#
# JRE version:  (16.0.1+9) (build )
# Java VM: Java HotSpot(TM) 64-Bit Server VM (16.0.1+9-24, mixed mode, sharing, tiered, compressed oops, compressed class ptrs, g1 gc, windows-amd64)
# No core dump will be written. Minidumps are not enabled by default on client versions of Windows
#

---------------  S U M M A R Y ------------

Command Line: 

Host: Intel(R) Core(TM) i5-3360M CPU @ 2.80GHz, 4 cores, 9G,  Windows 10 , 64 bit Build 19041 (10.0.19041.1348)
Time: Sat Mar 12 12:42:13 2022 India Standard Time elapsed time: 1.936247 seconds (0d 0h 0m 1s)

---------------  T H R E A D  ---------------

Current thread (0x000001ea9b5378f0):  JavaThread "Unknown thread" [_thread_in_vm, id=774588, stack(0x0000006b8ac00000,0x0000006b8ad00000)]

Stack: [0x0000006b8ac00000,0x0000006b8ad00000]
Native frames: (J=compiled Java code, j=interpreted, Vv=VM code, C=native code)
V  [jvm.dll+0x6687ca]
V  [jvm.dll+0x7ca3c9]
V  [jvm.dll+0x7cbb53]
V  [jvm.dll+0x7cc1b3]
V  [jvm.dll+0x242ea5]
V  [jvm.dll+0x665589]
V  [jvm.dll+0x65a175]
V  [jvm.dll+0x2fc5ab]
V  [jvm.dll+0x3037a6]
V  [jvm.dll+0x352fee]
V  [jvm.dll+0x35321f]
V  [jvm.dll+0x2d3618]
V  [jvm.dll+0x2d4854]
V  [jvm.dll+0x79ccb1]
V  [jvm.dll+0x360de1]
V  [jvm.dll+0x77a990]
V  [jvm.dll+0x3e55af]
V  [jvm.dll+0x3e7081]
C  [jli.dll+0x52fb]
C  [ucrtbase.dll+0x21bb2]
C  [KERNEL32.DLL+0x17034]
C  [ntdll.dll+0x52651]


---------------  P R O C E S S  ---------------

Threads class SMR info:
_java_thread_list=0x00007fff2d00cbb8, length=0, elements={
}

Java Threads: ( => current thread )

Other Threads:
  0x000001ea9b5755d0 GCTaskThread "GC Thread#0" [stack: 0x0000006b8ad00000,0x0000006b8ae00000] [id=793512]
  0x000001ea9b580520 ConcurrentGCThread "G1 Main Marker" [stack: 0x0000006b8ae00000,0x0000006b8af00000] [id=793156]
  0x000001ea9b582020 ConcurrentGCThread "G1 Conc#0" [stack: 0x0000006b8af00000,0x0000006b8b000000] [id=792728]

[error occurred during error reporting (printing all threads), id 0xc0000005, EXCEPTION_ACCESS_VIOLATION (0xc0000005) at pc=0x00007fff2c7e44d7]

VM state: not at safepoint (not fully initialized)

VM Mutex/Monitor currently owned by a thread:  ([mutex/lock_event])
[0x000001ea9b532eb0] Heap_lock - owner thread: 0x000001ea9b5378f0

Heap address: 0x0000000761e00000, size: 2530 MB, Compressed Oops mode: Zero based, Oop shift amount: 3

CDS archive(s) mapped at: [0x0000000000000000-0x0000000000000000-0x0000000000000000), size 0, SharedBaseAddress: 0x0000000800000000, ArchiveRelocationMode: 0.
Narrow klass base: 0x0000000000000000, Narrow klass shift: 0, Narrow klass range: 0x0

GC Precious Log:
<Empty>

Heap:
 garbage-first heap   total 0K, used 0K [0x0000000761e00000, 0x0000000800000000)
  region size 2048K, 0 young (0K), 0 survivors (0K)

[error occurred during error reporting (printing heap information), id 0xc0000005, EXCEPTION_ACCESS_VIOLATION (0xc0000005) at pc=0x00007fff2cbc24ed]

GC Heap History (0 events):
No events

Deoptimization events (0 events):
No events

Classes unloaded (0 events):
No events

Classes redefined (0 events):
No events

Internal exceptions (0 events):
No events

Events (1 events):
Event: 1.313 Loaded shared library C:\Program Files\Java\jdk-16.0.1\bin\java.dll


Dynamic libraries:
0x00007ff7b8f00000 - 0x00007ff7b8f10000 	C:\Program Files\Java\jdk-16.0.1\bin\java.exe
0x00007fff708d0000 - 0x00007fff70ac5000 	C:\Windows\SYSTEM32\ntdll.dll
0x00007fff6f0c0000 - 0x00007fff6f17e000 	C:\Windows\System32\KERNEL32.DLL
0x00007fff6e3d0000 - 0x00007fff6e698000 	C:\Windows\System32\KERNELBASE.dll
0x00007fff6dfe0000 - 0x00007fff6e0e0000 	C:\Windows\System32\ucrtbase.dll
0x00007fff51f60000 - 0x00007fff51f78000 	C:\Program Files\Java\jdk-16.0.1\bin\jli.dll
0x00007fff70320000 - 0x00007fff703cc000 	C:\Windows\System32\ADVAPI32.dll
0x00007fff70740000 - 0x00007fff707de000 	C:\Windows\System32\msvcrt.dll
0x00007fff6fb30000 - 0x00007fff6fbcb000 	C:\Windows\System32\sechost.dll
0x00007fff6f180000 - 0x00007fff6f2aa000 	C:\Windows\System32\RPCRT4.dll
0x00007fff70590000 - 0x00007fff70731000 	C:\Windows\System32\USER32.dll
0x00007fff6e310000 - 0x00007fff6e332000 	C:\Windows\System32\win32u.dll
0x00007fff6f9b0000 - 0x00007fff6f9db000 	C:\Windows\System32\GDI32.dll
0x00007fff6e750000 - 0x00007fff6e85d000 	C:\Windows\System32\gdi32full.dll
0x00007fff6e0e0000 - 0x00007fff6e17d000 	C:\Windows\System32\msvcp_win.dll
0x00007fff51ed0000 - 0x00007fff51ee9000 	C:\Program Files\Java\jdk-16.0.1\bin\VCRUNTIME140.dll
0x00007fff5e520000 - 0x00007fff5e7ba000 	C:\Windows\WinSxS\amd64_microsoft.windows.common-controls_6595b64144ccf1df_6.0.19041.1110_none_60b5254171f9507e\COMCTL32.dll
0x00007fff5fac0000 - 0x00007fff5faca000 	C:\Windows\SYSTEM32\VERSION.dll
0x00007fff6fbd0000 - 0x00007fff6fc00000 	C:\Windows\System32\IMM32.DLL
0x00007fff6b590000 - 0x00007fff6b59c000 	C:\Program Files\Java\jdk-16.0.1\bin\vcruntime140_1.dll
0x00007fff47ac0000 - 0x00007fff47b51000 	C:\Program Files\Java\jdk-16.0.1\bin\msvcp140.dll
0x00007fff2c500000 - 0x00007fff2d0ab000 	C:\Program Files\Java\jdk-16.0.1\bin\server\jvm.dll
0x00007fff6f9a0000 - 0x00007fff6f9a8000 	C:\Windows\System32\PSAPI.DLL
0x00007fff697b0000 - 0x00007fff697b9000 	C:\Windows\SYSTEM32\WSOCK32.dll
0x00007fff70000000 - 0x00007fff7006b000 	C:\Windows\System32\WS2_32.dll
0x00007fff5f560000 - 0x00007fff5f587000 	C:\Windows\SYSTEM32\WINMM.dll
0x00007fff6bed0000 - 0x00007fff6bee2000 	C:\Windows\SYSTEM32\kernel.appcore.dll
0x00007fff5c350000 - 0x00007fff5c35a000 	C:\Program Files\Java\jdk-16.0.1\bin\jimage.dll
0x00007fff5cf70000 - 0x00007fff5d154000 	C:\Windows\SYSTEM32\DBGHELP.DLL
0x00007fff5ced0000 - 0x00007fff5cefc000 	C:\Windows\SYSTEM32\dbgcore.DLL
0x00007fff6e340000 - 0x00007fff6e3c2000 	C:\Windows\System32\bcryptPrimitives.dll
0x00007fff51170000 - 0x00007fff51195000 	C:\Program Files\Java\jdk-16.0.1\bin\java.dll

dbghelp: loaded successfully - version: 4.0.5 - missing functions: none
symbol engine: initialized successfully - sym options: 0x614 - pdb path: .;C:\Program Files\Java\jdk-16.0.1\bin;C:\Windows\SYSTEM32;C:\Windows\WinSxS\amd64_microsoft.windows.common-controls_6595b64144ccf1df_6.0.19041.1110_none_60b5254171f9507e;C:\Program Files\Java\jdk-16.0.1\bin\server

VM Arguments:
java_command: <unknown>
java_class_path (initial): <not set>
Launcher Type: SUN_STANDARD

[Global flags]
     intx CICompilerCount                          = 3                                         {product} {ergonomic}
     uint ConcGCThreads                            = 1                                         {product} {ergonomic}
     uint G1ConcRefinementThreads                  = 4                                         {product} {ergonomic}
   size_t G1HeapRegionSize                         = 2097152                                   {product} {ergonomic}
    uintx GCDrainStackTargetSize                   = 64                                        {product} {ergonomic}
   size_t InitialHeapSize                          = 167772160                                 {product} {ergonomic}
   size_t MarkStackSize                            = 4194304                                   {product} {ergonomic}
   size_t MaxHeapSize                              = 2652897280                                {product} {ergonomic}
   size_t MinHeapDeltaBytes                        = 2097152                                   {product} {ergonomic}
   size_t MinHeapSize                              = 8388608                                   {product} {ergonomic}
    uintx NonNMethodCodeHeapSize                   = 5832780                                {pd product} {ergonomic}
    uintx NonProfiledCodeHeapSize                  = 122912730                              {pd product} {ergonomic}
    uintx ProfiledCodeHeapSize                     = 122912730                              {pd product} {ergonomic}
    uintx ReservedCodeCacheSize                    = 251658240                              {pd product} {ergonomic}
     bool SegmentedCodeCache                       = true                                      {product} {ergonomic}
   size_t SoftMaxHeapSize                          = 2652897280                             {manageable} {ergonomic}
     bool UseCompressedClassPointers               = true                           {product lp64_product} {ergonomic}
     bool UseCompressedOops                        = true                           {product lp64_product} {ergonomic}
     bool UseG1GC                                  = true                                      {product} {ergonomic}
     bool UseLargePagesIndividualAllocation        = false                                  {pd product} {ergonomic}

Logging:
Log output configuration:
 #0: stdout all=warning uptime,level,tags
 #1: stderr all=off uptime,level,tags

Environment Variables:
PATH=C:\Program Files\Common Files\Oracle\Java\javapath;C:\Windows\system32;C:\Windows;C:\Windows\System32\Wbem;C:\Windows\System32\WindowsPowerShell\v1.0\;C:\Windows\System32\OpenSSH\;C:\Users\DELL\anaconda3\;C:\Program Files\Git\cmd;C:\Program Files\PuTTY\;C:\Users\DELL\AppData\Local\Programs\Python\Python39\Scripts\;C:\Users\DELL\AppData\Local\Programs\Python\Python39\;C:\Users\DELL\AppData\Local\Programs\Python\Launcher\;C:\Users\DELL\AppData\Local\Microsoft\WindowsApps;C:\Users\DELL\AppData\Local\Programs\Microsoft VS Code\bin;C:\Program Files\JetBrains\PyCharm Community Edition 2021.2\bin;;D:\flutter\bin;D:\flutter\bin\mingit\cmd
USERNAME=DELL
OS=Windows_NT
PROCESSOR_IDENTIFIER=Intel64 Family 6 Model 58 Stepping 9, GenuineIntel



---------------  S Y S T E M  ---------------

OS:
 Windows 10 , 64 bit Build 19041 (10.0.19041.1348)
OS uptime: 4 days 20:52 hours

CPU: total 4 (initial active 4) (2 cores per cpu, 2 threads per core) family 6 model 58 stepping 9 microcode 0x21, cx8, cmov, fxsr, ht, mmx, sse, sse2, sse3, ssse3, sse4.1, sse4.2, popcnt, tsc, tscinvbit, avx, aes, erms, clmul, vzeroupper, clflush

Memory: 4k page, system-wide physical 10113M (257M free)
TotalPageFile size 23863M (AvailPageFile size 95M)
current process WorkingSet (physical memory assigned to process): 9M, peak: 9M
current process commit charge ("private bytes"): 51M, peak: 211M

vm_info: Java HotSpot(TM) 64-Bit Server VM (16.0.1+9-24) for windows-amd64 JRE (16.0.1+9-24), built on Mar 26 2021 19:31:42 by "mach5one" with MS VC++ 16.7 (VS2019)

END.
