#
# There is insufficient memory for the Java Runtime Environment to continue.
# Native memory allocation (mmap) failed to map 375390208 bytes for Failed to commit area from 0x00000000ac000000 to 0x00000000c2600000 of length 375390208.
# Possible reasons:
#   The system is out of physical RAM or swap space
#   The process is running with CompressedOops enabled, and the Java Heap may be blocking the growth of the native heap
# Possible solutions:
#   Reduce memory load on the system
#   Increase physical memory or swap space
#   Check if swap backing store is full
#   Decrease Java heap size (-Xmx/-Xms)
#   Decrease number of Java threads
#   Decrease Java thread stack sizes (-Xss)
#   Set larger code cache with -XX:ReservedCodeCacheSize=
#   JVM is running with Unscaled Compressed Oops mode in which the Java heap is
#     placed in the first 4GB address space. The Java Heap base address is the
#     maximum limit for the native heap growth. Please use -XX:HeapBaseMinAddress
#     to set the Java Heap base and to place the Java Heap above 4GB virtual address.
# This output file may be truncated or incomplete.
#
#  Out of Memory Error (./src/hotspot/os/windows/os_windows.cpp:3301), pid=690308, tid=786028
#
# JRE version: OpenJDK Runtime Environment (11.0.10) (build 11.0.10+0-b96-7249189)
# Java VM: OpenJDK 64-Bit Server VM (11.0.10+0-b96-7249189, mixed mode, tiered, compressed oops, g1 gc, windows-amd64)
# No core dump will be written. Minidumps are not enabled by default on client versions of Windows
#

---------------  S U M M A R Y ------------

Command Line: --add-opens=java.base/java.util=ALL-UNNAMED --add-opens=java.base/java.lang=ALL-UNNAMED --add-opens=java.base/java.lang.invoke=ALL-UNNAMED --add-opens=java.prefs/java.util.prefs=ALL-UNNAMED -Xmx1536M -Dfile.encoding=windows-1252 -Duser.country=IN -Duser.language=en -Duser.variant org.gradle.launcher.daemon.bootstrap.GradleDaemon 6.7

Host: Intel(R) Core(TM) i5-3360M CPU @ 2.80GHz, 4 cores, 9G,  Windows 10 , 64 bit Build 19041 (10.0.19041.1348)
Time: Sat Mar 12 12:06:13 2022 India Standard Time elapsed time: 300.995526 seconds (0d 0h 5m 0s)

---------------  T H R E A D  ---------------

Current thread (0x0000020cd11ae800):  VMThread "VM Thread" [stack: 0x00000088a6200000,0x00000088a6300000] [id=786028]

Stack: [0x00000088a6200000,0x00000088a6300000]
[error occurred during error reporting (printing stack bounds), id 0xc0000005, EXCEPTION_ACCESS_VIOLATION (0xc0000005) at pc=0x0000020cbbc50f2d]

Native frames: (J=compiled Java code, j=interpreted, Vv=VM code, C=native code)
V  [jvm.dll+0x5ecfaa]
V  [jvm.dll+0x722bd5]
V  [jvm.dll+0x72412d]
V  [jvm.dll+0x724745]
V  [jvm.dll+0x7246fb]
V  [jvm.dll+0x5ec348]
V  [jvm.dll+0x5ecad8]
C  [ntdll.dll+0xa20cf]
C  [ntdll.dll+0x51454]
C  [ntdll.dll+0xa0bfe]
C  0x0000020cbbc50f2d

VM_Operation (0x00000088aa8fe720): G1CollectForAllocation, mode: safepoint, requested by thread 0x0000020cda579800


---------------  P R O C E S S  ---------------

Threads class SMR info:
_java_thread_list=0x0000020cd5f8c8f0, length=75, elements={
0x0000020cb813a000, 0x0000020cd11d5000, 0x0000020cd11d6000, 0x0000020cd11f1000,
0x0000020cd11f2000, 0x0000020cd11f3000, 0x0000020cd11f6000, 0x0000020cd11f7000,
0x0000020cd120e000, 0x0000020cd1cad000, 0x0000020cd29d9800, 0x0000020cd376e800,
0x0000020cd3744000, 0x0000020cd29c9800, 0x0000020cd1e62800, 0x0000020cd3322000,
0x0000020cd3323000, 0x0000020cd2da3800, 0x0000020cd373c800, 0x0000020cd2d9b800,
0x0000020cd2da0000, 0x0000020cd2da1000, 0x0000020cd2d9d000, 0x0000020cd2d9c000,
0x0000020cd2da2000, 0x0000020cd2d9e800, 0x0000020cd2d9d800, 0x0000020cd2d9f800,
0x0000020cd3bf2800, 0x0000020cd3bf0000, 0x0000020cd3bed000, 0x0000020cd3bf4000,
0x0000020cd3bf3800, 0x0000020cd3bee800, 0x0000020cd60f9800, 0x0000020cda57d000,
0x0000020cda57e000, 0x0000020cd60f4000, 0x0000020cd60f8000, 0x0000020cd60f2800,
0x0000020cd60f9000, 0x0000020cd60f4800, 0x0000020cd60f5800, 0x0000020cd60f7000,
0x0000020cd60f3000, 0x0000020cd60fa800, 0x0000020cd60fb800, 0x0000020cd60fc000,
0x0000020cd60f6800, 0x0000020cd60fd800, 0x0000020cd60fd000, 0x0000020cd60fe800,
0x0000020cd6101000, 0x0000020cd6100000, 0x0000020cd60ff800, 0x0000020cda573000,
0x0000020cda575000, 0x0000020cda570800, 0x0000020cda575800, 0x0000020cda574000,
0x0000020cda576800, 0x0000020cda577000, 0x0000020cda571800, 0x0000020cda578000,
0x0000020cda572800, 0x0000020cda579000, 0x0000020cda57a800, 0x0000020cda57f800,
0x0000020cda579800, 0x0000020cda57b800, 0x0000020cda57e800, 0x0000020cda57c000,
0x0000020cd3bf5000, 0x0000020cd3bf6000, 0x0000020cd3bf1000
}

Java Threads: ( => current thread )
  0x0000020cb813a000 JavaThread "main" [_thread_blocked, id=768312, stack(0x00000088a5b00000,0x00000088a5c00000)]
  0x0000020cd11d5000 JavaThread "Reference Handler" daemon [_thread_blocked, id=780104, stack(0x00000088a6300000,0x00000088a6400000)]
  0x0000020cd11d6000 JavaThread "Finalizer" daemon [_thread_blocked, id=785848, stack(0x00000088a6400000,0x00000088a6500000)]
  0x0000020cd11f1000 JavaThread "Signal Dispatcher" daemon [_thread_blocked, id=764556, stack(0x00000088a6500000,0x00000088a6600000)]
  0x0000020cd11f2000 JavaThread "Attach Listener" daemon [_thread_blocked, id=777920, stack(0x00000088a6600000,0x00000088a6700000)]
  0x0000020cd11f3000 JavaThread "Service Thread" daemon [_thread_blocked, id=687592, stack(0x00000088a6700000,0x00000088a6800000)]
  0x0000020cd11f6000 JavaThread "C2 CompilerThread0" daemon [_thread_blocked, id=656916, stack(0x00000088a6800000,0x00000088a6900000)]
  0x0000020cd11f7000 JavaThread "C1 CompilerThread0" daemon [_thread_blocked, id=528288, stack(0x00000088a6900000,0x00000088a6a00000)]
  0x0000020cd120e000 JavaThread "Sweeper thread" daemon [_thread_blocked, id=159556, stack(0x00000088a6a00000,0x00000088a6b00000)]
  0x0000020cd1cad000 JavaThread "Common-Cleaner" daemon [_thread_blocked, id=782260, stack(0x00000088a6b00000,0x00000088a6c00000)]
  0x0000020cd29d9800 JavaThread "Daemon health stats" [_thread_blocked, id=785428, stack(0x00000088a6f00000,0x00000088a7000000)]
  0x0000020cd376e800 JavaThread "Incoming local TCP Connector on port 59909" [_thread_in_native, id=785876, stack(0x00000088a7300000,0x00000088a7400000)]
  0x0000020cd3744000 JavaThread "Daemon periodic checks" [_thread_blocked, id=786212, stack(0x00000088a7400000,0x00000088a7500000)]
  0x0000020cd29c9800 JavaThread "Daemon" [_thread_blocked, id=784124, stack(0x00000088a7500000,0x00000088a7600000)]
  0x0000020cd1e62800 JavaThread "Handler for socket connection from /127.0.0.1:59909 to /127.0.0.1:59910" [_thread_in_native, id=784348, stack(0x00000088a7600000,0x00000088a7700000)]
  0x0000020cd3322000 JavaThread "Cancel handler" [_thread_blocked, id=782692, stack(0x00000088a7700000,0x00000088a7800000)]
  0x0000020cd3323000 JavaThread "Daemon worker" [_thread_blocked, id=784008, stack(0x00000088a7800000,0x00000088a7900000)]
  0x0000020cd2da3800 JavaThread "Asynchronous log dispatcher for DefaultDaemonConnection: socket connection from /127.0.0.1:59909 to /127.0.0.1:59910" [_thread_blocked, id=786128, stack(0x00000088a7900000,0x00000088a7a00000)]
  0x0000020cd373c800 JavaThread "Stdin handler" [_thread_blocked, id=784140, stack(0x00000088a7a00000,0x00000088a7b00000)]
  0x0000020cd2d9b800 JavaThread "Thread-8" [_thread_blocked, id=781520, stack(0x00000088a7b00000,0x00000088a7c00000)]
  0x0000020cd2da0000 JavaThread "Cache worker for file hash cache (C:\Users\DELL\.gradle\caches\6.7\fileHashes)" [_thread_blocked, id=765684, stack(0x00000088a7c00000,0x00000088a7d00000)]
  0x0000020cd2da1000 JavaThread "File lock request listener" [_thread_in_native, id=785464, stack(0x00000088a7d00000,0x00000088a7e00000)]
  0x0000020cd2d9d000 JavaThread "Cache worker for journal cache (C:\Users\DELL\.gradle\caches\journal-1)" [_thread_blocked, id=783924, stack(0x00000088a7e00000,0x00000088a7f00000)]
  0x0000020cd2d9c000 JavaThread "Cache worker for file hash cache (C:\Users\DELL\Desktop\tflite_flutter-master\android\.gradle\6.7\fileHashes)" [_thread_blocked, id=259768, stack(0x00000088a7f00000,0x00000088a8000000)]
  0x0000020cd2da2000 JavaThread "Cache worker for checksums cache (C:\Users\DELL\Desktop\tflite_flutter-master\android\.gradle\checksums)" [_thread_blocked, id=760200, stack(0x00000088a8000000,0x00000088a8100000)]
  0x0000020cd2d9e800 JavaThread "Cache worker for cache directory md-supplier (C:\Users\DELL\.gradle\caches\6.7\md-supplier)" [_thread_blocked, id=784768, stack(0x00000088a8100000,0x00000088a8200000)]
  0x0000020cd2d9d800 JavaThread "Cache worker for cache directory md-rule (C:\Users\DELL\.gradle\caches\6.7\md-rule)" [_thread_blocked, id=785640, stack(0x00000088a8200000,0x00000088a8300000)]
  0x0000020cd2d9f800 JavaThread "Cache worker for execution history cache (C:\Users\DELL\.gradle\caches\6.7\executionHistory)" [_thread_blocked, id=786080, stack(0x00000088a8300000,0x00000088a8400000)]
  0x0000020cd3bf2800 JavaThread "Cache worker for file content cache (C:\Users\DELL\.gradle\caches\6.7\fileContent)" [_thread_blocked, id=776668, stack(0x00000088a8500000,0x00000088a8600000)]
  0x0000020cd3bf0000 JavaThread "Cache worker for Build Output Cleanup Cache (C:\Users\DELL\Desktop\tflite_flutter-master\android\.gradle\buildOutputCleanup)" [_thread_blocked, id=778872, stack(0x00000088a8600000,0x00000088a8700000)]
  0x0000020cd3bed000 JavaThread "Build operations" [_thread_blocked, id=780428, stack(0x00000088a5c00000,0x00000088a5d00000)]
  0x0000020cd3bf4000 JavaThread "Build operations Thread 2" [_thread_blocked, id=784240, stack(0x00000088a8700000,0x00000088a8800000)]
  0x0000020cd3bf3800 JavaThread "Build operations Thread 3" [_thread_blocked, id=783572, stack(0x00000088a8800000,0x00000088a8900000)]
  0x0000020cd3bee800 JavaThread "Build operations Thread 4" [_thread_blocked, id=783620, stack(0x00000088a8900000,0x00000088a8a00000)]
  0x0000020cd60f9800 JavaThread "jar transforms Thread 22" [_thread_blocked, id=784060, stack(0x00000088a9c00000,0x00000088a9d00000)]
  0x0000020cda57d000 JavaThread "pool-1-thread-1" [_thread_blocked, id=778516, stack(0x00000088a7100000,0x00000088a7200000)]
  0x0000020cda57e000 JavaThread "Memory manager" [_thread_blocked, id=783568, stack(0x00000088af800000,0x00000088af900000)]
  0x0000020cd60f4000 JavaThread "jar transforms Thread 114" [_thread_blocked, id=785844, stack(0x00000088a7200000,0x00000088a7300000)]
  0x0000020cd60f8000 JavaThread "jar transforms Thread 115" [_thread_blocked, id=786188, stack(0x00000088a8400000,0x00000088a8500000)]
  0x0000020cd60f2800 JavaThread "jar transforms Thread 116" [_thread_blocked, id=786872, stack(0x00000088a8a00000,0x00000088a8b00000)]
  0x0000020cd60f9000 JavaThread "jar transforms Thread 117" [_thread_blocked, id=786808, stack(0x00000088a8b00000,0x00000088a8c00000)]
  0x0000020cd60f4800 JavaThread "jar transforms Thread 118" [_thread_blocked, id=786768, stack(0x00000088a8c00000,0x00000088a8d00000)]
  0x0000020cd60f5800 JavaThread "jar transforms Thread 119" [_thread_blocked, id=784324, stack(0x00000088a8d00000,0x00000088a8e00000)]
  0x0000020cd60f7000 JavaThread "jar transforms Thread 120" [_thread_blocked, id=783656, stack(0x00000088a8e00000,0x00000088a8f00000)]
  0x0000020cd60f3000 JavaThread "jar transforms Thread 121" [_thread_blocked, id=786888, stack(0x00000088a8f00000,0x00000088a9000000)]
  0x0000020cd60fa800 JavaThread "jar transforms Thread 122" [_thread_blocked, id=783160, stack(0x00000088a9000000,0x00000088a9100000)]
  0x0000020cd60fb800 JavaThread "jar transforms Thread 123" [_thread_blocked, id=786632, stack(0x00000088a9100000,0x00000088a9200000)]
  0x0000020cd60fc000 JavaThread "jar transforms Thread 124" [_thread_blocked, id=783508, stack(0x00000088a9200000,0x00000088a9300000)]
  0x0000020cd60f6800 JavaThread "jar transforms Thread 125" [_thread_blocked, id=786416, stack(0x00000088a9300000,0x00000088a9400000)]
  0x0000020cd60fd800 JavaThread "jar transforms Thread 126" [_thread_blocked, id=786516, stack(0x00000088a9400000,0x00000088a9500000)]
  0x0000020cd60fd000 JavaThread "jar transforms Thread 127" [_thread_blocked, id=787404, stack(0x00000088a9500000,0x00000088a9600000)]
  0x0000020cd60fe800 JavaThread "jar transforms Thread 128" [_thread_blocked, id=787356, stack(0x00000088a9600000,0x00000088a9700000)]
  0x0000020cd6101000 JavaThread "jar transforms Thread 129" [_thread_blocked, id=787396, stack(0x00000088a9700000,0x00000088a9800000)]
  0x0000020cd6100000 JavaThread "jar transforms Thread 130" [_thread_blocked, id=784308, stack(0x00000088a9800000,0x00000088a9900000)]
  0x0000020cd60ff800 JavaThread "jar transforms Thread 131" [_thread_blocked, id=782712, stack(0x00000088a9900000,0x00000088a9a00000)]
  0x0000020cda573000 JavaThread "jar transforms Thread 132" [_thread_blocked, id=787072, stack(0x00000088a9a00000,0x00000088a9b00000)]
  0x0000020cda575000 JavaThread "jar transforms Thread 133" [_thread_blocked, id=783512, stack(0x00000088a9b00000,0x00000088a9c00000)]
  0x0000020cda570800 JavaThread "jar transforms Thread 134" [_thread_blocked, id=768304, stack(0x00000088a9d00000,0x00000088a9e00000)]
  0x0000020cda575800 JavaThread "jar transforms Thread 135" [_thread_blocked, id=780364, stack(0x00000088a9e00000,0x00000088a9f00000)]
  0x0000020cda574000 JavaThread "jar transforms Thread 136" [_thread_blocked, id=783232, stack(0x00000088a9f00000,0x00000088aa000000)]
  0x0000020cda576800 JavaThread "jar transforms Thread 137" [_thread_blocked, id=476484, stack(0x00000088aa000000,0x00000088aa100000)]
  0x0000020cda577000 JavaThread "jar transforms Thread 138" [_thread_blocked, id=782024, stack(0x00000088aa100000,0x00000088aa200000)]
  0x0000020cda571800 JavaThread "jar transforms Thread 139" [_thread_blocked, id=773856, stack(0x00000088aa200000,0x00000088aa300000)]
  0x0000020cda578000 JavaThread "jar transforms Thread 140" [_thread_blocked, id=783096, stack(0x00000088aa300000,0x00000088aa400000)]
  0x0000020cda572800 JavaThread "jar transforms Thread 141" [_thread_blocked, id=775352, stack(0x00000088aa400000,0x00000088aa500000)]
  0x0000020cda579000 JavaThread "jar transforms Thread 142" [_thread_blocked, id=785780, stack(0x00000088aa500000,0x00000088aa600000)]
  0x0000020cda57a800 JavaThread "jar transforms Thread 143" [_thread_blocked, id=780536, stack(0x00000088aa600000,0x00000088aa700000)]
  0x0000020cda57f800 JavaThread "jar transforms Thread 144" [_thread_blocked, id=786916, stack(0x00000088aa700000,0x00000088aa800000)]
  0x0000020cda579800 JavaThread "jar transforms Thread 145" [_thread_blocked, id=786732, stack(0x00000088aa800000,0x00000088aa900000)]
  0x0000020cda57b800 JavaThread "jar transforms Thread 146" [_thread_blocked, id=784096, stack(0x00000088aa900000,0x00000088aaa00000)]
  0x0000020cda57e800 JavaThread "jar transforms Thread 147" [_thread_blocked, id=772176, stack(0x00000088aaa00000,0x00000088aab00000)]
  0x0000020cda57c000 JavaThread "jar transforms Thread 148" [_thread_blocked, id=770320, stack(0x00000088aab00000,0x00000088aac00000)]
  0x0000020cd3bf5000 JavaThread "jar transforms Thread 149" [_thread_blocked, id=786016, stack(0x00000088aac00000,0x00000088aad00000)]
  0x0000020cd3bf6000 JavaThread "jar transforms Thread 150" [_thread_blocked, id=785788, stack(0x00000088aad00000,0x00000088aae00000)]
  0x0000020cd3bf1000 JavaThread "jar transforms Thread 151" [_thread_blocked, id=786348, stack(0x00000088aae00000,0x00000088aaf00000)]

Other Threads:
=>0x0000020cd11ae800 VMThread "VM Thread" [stack: 0x00000088a6200000,0x00000088a6300000] [id=786028]
  0x0000020cd1cdb800 WatcherThread [stack: 0x00000088a6c00000,0x00000088a6d00000] [id=782720]
  0x0000020cb8154000 GCTaskThread "GC Thread#0" [stack: 0x00000088a5d00000,0x00000088a5e00000] [id=781088]
  0x0000020cd22fc000 GCTaskThread "GC Thread#1" [stack: 0x00000088a6d00000,0x00000088a6e00000] [id=777292]
  0x0000020cd210b800 GCTaskThread "GC Thread#2" [stack: 0x00000088a6e00000,0x00000088a6f00000] [id=784372]
  0x0000020cd3507000 GCTaskThread "GC Thread#3" [stack: 0x00000088a7000000,0x00000088a7100000] [id=687756]
  0x0000020cb8179000 ConcurrentGCThread "G1 Main Marker" [stack: 0x00000088a5e00000,0x00000088a5f00000] [id=785528]
  0x0000020cb817a800 ConcurrentGCThread "G1 Conc#0" [stack: 0x00000088a5f00000,0x00000088a6000000] [id=785912]
  0x0000020cd1020800 ConcurrentGCThread "G1 Refine#0" [stack: 0x00000088a6000000,0x00000088a6100000] [id=657796]
  0x0000020cd1021800 ConcurrentGCThread "G1 Young RemSet Sampling" [stack: 0x00000088a6100000,0x00000088a6200000] [id=786116]

Threads with active compile tasks:

VM state:at safepoint (normal execution)

VM Mutex/Monitor currently owned by a thread:  ([mutex/lock_event])
[0x0000020cb81391f0] Threads_lock - owner thread: 0x0000020cd11ae800
[0x0000020cb8138ce0] Heap_lock - owner thread: 0x0000020cda579800

Heap address: 0x00000000a0000000, size: 1536 MB, Compressed Oops mode: 32-bit
Narrow klass base: 0x0000000000000000, Narrow klass shift: 3
Compressed class space size: 1073741824 Address: 0x0000000100000000

Heap:
 garbage-first heap   total 563200K, used 84775K [0x00000000a0000000, 0x0000000100000000)
  region size 1024K, 2 young (2048K), 2 survivors (2048K)
 Metaspace       used 81591K, capacity 83641K, committed 83968K, reserved 1122304K
  class space    used 10187K, capacity 10903K, committed 11008K, reserved 1048576K
Heap Regions: E=young(eden), S=young(survivor), O=old, HS=humongous(starts), HC=humongous(continues), CS=collection set, F=free, A=archive, TAMS=top-at-mark-start (previous, next)
|   0|0x00000000a0000000, 0x00000000a0100000, 0x00000000a0100000|100%| O|  |TAMS 0x00000000a0100000, 0x00000000a0000000| Untracked 
|   1|0x00000000a0100000, 0x00000000a0200000, 0x00000000a0200000|100%| O|  |TAMS 0x00000000a0200000, 0x00000000a0100000| Untracked 
|   2|0x00000000a0200000, 0x00000000a0300000, 0x00000000a0300000|100%| O|  |TAMS 0x00000000a0300000, 0x00000000a0200000| Untracked 
|   3|0x00000000a0300000, 0x00000000a0400000, 0x00000000a0400000|100%|HS|  |TAMS 0x00000000a0400000, 0x00000000a0300000| Complete 
|   4|0x00000000a0400000, 0x00000000a0500000, 0x00000000a0500000|100%|HC|  |TAMS 0x00000000a0500000, 0x00000000a0400000| Complete 
|   5|0x00000000a0500000, 0x00000000a0600000, 0x00000000a0600000|100%|HC|  |TAMS 0x00000000a0600000, 0x00000000a0500000| Complete 
|   6|0x00000000a0600000, 0x00000000a0700000, 0x00000000a0700000|100%| O|  |TAMS 0x00000000a0700000, 0x00000000a0600000| Untracked 
|   7|0x00000000a0700000, 0x00000000a0800000, 0x00000000a0800000|100%| O|  |TAMS 0x00000000a0800000, 0x00000000a0700000| Untracked 
|   8|0x00000000a0800000, 0x00000000a0900000, 0x00000000a0900000|100%| O|  |TAMS 0x00000000a0900000, 0x00000000a0800000| Untracked 
|   9|0x00000000a0900000, 0x00000000a0a00000, 0x00000000a0a00000|100%| O|  |TAMS 0x00000000a0a00000, 0x00000000a0900000| Untracked 
|  10|0x00000000a0a00000, 0x00000000a0b00000, 0x00000000a0b00000|100%| O|  |TAMS 0x00000000a0b00000, 0x00000000a0a00000| Untracked 
|  11|0x00000000a0b00000, 0x00000000a0c00000, 0x00000000a0c00000|100%| O|  |TAMS 0x00000000a0c00000, 0x00000000a0b00000| Untracked 
|  12|0x00000000a0c00000, 0x00000000a0d00000, 0x00000000a0d00000|100%| O|  |TAMS 0x00000000a0d00000, 0x00000000a0c00000| Untracked 
|  13|0x00000000a0d00000, 0x00000000a0e00000, 0x00000000a0e00000|100%| O|  |TAMS 0x00000000a0e00000, 0x00000000a0d00000| Untracked 
|  14|0x00000000a0e00000, 0x00000000a0f00000, 0x00000000a0f00000|100%| O|  |TAMS 0x00000000a0f00000, 0x00000000a0e00000| Untracked 
|  15|0x00000000a0f00000, 0x00000000a1000000, 0x00000000a1000000|100%| O|  |TAMS 0x00000000a1000000, 0x00000000a0f00000| Untracked 
|  16|0x00000000a1000000, 0x00000000a1100000, 0x00000000a1100000|100%| O|  |TAMS 0x00000000a1100000, 0x00000000a1000000| Untracked 
|  17|0x00000000a1100000, 0x00000000a1200000, 0x00000000a1200000|100%| O|  |TAMS 0x00000000a1200000, 0x00000000a1100000| Untracked 
|  18|0x00000000a1200000, 0x00000000a1300000, 0x00000000a1300000|100%| O|  |TAMS 0x00000000a1300000, 0x00000000a1200000| Untracked 
|  19|0x00000000a1300000, 0x00000000a1400000, 0x00000000a1400000|100%| O|  |TAMS 0x00000000a1400000, 0x00000000a1300000| Untracked 
|  20|0x00000000a1400000, 0x00000000a1500000, 0x00000000a1500000|100%| O|  |TAMS 0x00000000a1500000, 0x00000000a1400000| Untracked 
|  21|0x00000000a1500000, 0x00000000a1600000, 0x00000000a1600000|100%| O|  |TAMS 0x00000000a1600000, 0x00000000a1500000| Untracked 
|  22|0x00000000a1600000, 0x00000000a1700000, 0x00000000a1700000|100%| O|  |TAMS 0x00000000a1700000, 0x00000000a1600000| Untracked 
|  23|0x00000000a1700000, 0x00000000a1800000, 0x00000000a1800000|100%| O|  |TAMS 0x00000000a1800000, 0x00000000a1700000| Untracked 
|  24|0x00000000a1800000, 0x00000000a1900000, 0x00000000a1900000|100%| O|  |TAMS 0x00000000a1900000, 0x00000000a1800000| Untracked 
|  25|0x00000000a1900000, 0x00000000a1a00000, 0x00000000a1a00000|100%| O|  |TAMS 0x00000000a1a00000, 0x00000000a1900000| Untracked 
|  26|0x00000000a1a00000, 0x00000000a1b00000, 0x00000000a1b00000|100%| O|  |TAMS 0x00000000a1b00000, 0x00000000a1a00000| Untracked 
|  27|0x00000000a1b00000, 0x00000000a1c00000, 0x00000000a1c00000|100%| O|  |TAMS 0x00000000a1c00000, 0x00000000a1b00000| Untracked 
|  28|0x00000000a1c00000, 0x00000000a1d00000, 0x00000000a1d00000|100%| O|  |TAMS 0x00000000a1d00000, 0x00000000a1c00000| Untracked 
|  29|0x00000000a1d00000, 0x00000000a1e00000, 0x00000000a1e00000|100%| O|  |TAMS 0x00000000a1e00000, 0x00000000a1d00000| Untracked 
|  30|0x00000000a1e00000, 0x00000000a1f00000, 0x00000000a1f00000|100%| O|  |TAMS 0x00000000a1f00000, 0x00000000a1e00000| Untracked 
|  31|0x00000000a1f00000, 0x00000000a2000000, 0x00000000a2000000|100%| O|  |TAMS 0x00000000a2000000, 0x00000000a1f00000| Untracked 
|  32|0x00000000a2000000, 0x00000000a2100000, 0x00000000a2100000|100%| O|  |TAMS 0x00000000a2100000, 0x00000000a2000000| Untracked 
|  33|0x00000000a2100000, 0x00000000a2200000, 0x00000000a2200000|100%| O|  |TAMS 0x00000000a2200000, 0x00000000a2100000| Untracked 
|  34|0x00000000a2200000, 0x00000000a2300000, 0x00000000a2300000|100%| O|  |TAMS 0x00000000a2300000, 0x00000000a2200000| Untracked 
|  35|0x00000000a2300000, 0x00000000a2400000, 0x00000000a2400000|100%| O|  |TAMS 0x00000000a2400000, 0x00000000a2300000| Untracked 
|  36|0x00000000a2400000, 0x00000000a2500000, 0x00000000a2500000|100%| O|  |TAMS 0x00000000a2500000, 0x00000000a2400000| Untracked 
|  37|0x00000000a2500000, 0x00000000a2600000, 0x00000000a2600000|100%| O|  |TAMS 0x00000000a2600000, 0x00000000a2500000| Untracked 
|  38|0x00000000a2600000, 0x00000000a2700000, 0x00000000a2700000|100%| O|  |TAMS 0x00000000a2700000, 0x00000000a2600000| Untracked 
|  39|0x00000000a2700000, 0x00000000a2800000, 0x00000000a2800000|100%| O|  |TAMS 0x00000000a2700000, 0x00000000a2700000| Untracked 
|  40|0x00000000a2800000, 0x00000000a2900000, 0x00000000a2900000|100%| O|  |TAMS 0x00000000a2900000, 0x00000000a2800000| Untracked 
|  41|0x00000000a2900000, 0x00000000a2a00000, 0x00000000a2a00000|100%| O|  |TAMS 0x00000000a2a00000, 0x00000000a2900000| Untracked 
|  42|0x00000000a2a00000, 0x00000000a2b00000, 0x00000000a2b00000|100%| O|  |TAMS 0x00000000a2a00000, 0x00000000a2a00000| Untracked 
|  43|0x00000000a2b00000, 0x00000000a2c00000, 0x00000000a2c00000|100%| O|  |TAMS 0x00000000a2c00000, 0x00000000a2b00000| Untracked 
|  44|0x00000000a2c00000, 0x00000000a2d00000, 0x00000000a2d00000|100%| O|  |TAMS 0x00000000a2cbca00, 0x00000000a2c00000| Untracked 
|  45|0x00000000a2d00000, 0x00000000a2e00000, 0x00000000a2e00000|100%| O|  |TAMS 0x00000000a2e00000, 0x00000000a2d00000| Untracked 
|  46|0x00000000a2e00000, 0x00000000a2f00000, 0x00000000a2f00000|100%|HS|  |TAMS 0x00000000a2f00000, 0x00000000a2e00000| Complete 
|  47|0x00000000a2f00000, 0x00000000a3000000, 0x00000000a3000000|100%|HS|  |TAMS 0x00000000a3000000, 0x00000000a2f00000| Complete 
|  48|0x00000000a3000000, 0x00000000a3100000, 0x00000000a3100000|100%|HC|  |TAMS 0x00000000a3100000, 0x00000000a3000000| Complete 
|  49|0x00000000a3100000, 0x00000000a3200000, 0x00000000a3200000|100%|HC|  |TAMS 0x00000000a3200000, 0x00000000a3100000| Complete 
|  50|0x00000000a3200000, 0x00000000a3300000, 0x00000000a3300000|100%|HS|  |TAMS 0x00000000a3300000, 0x00000000a3200000| Complete 
|  51|0x00000000a3300000, 0x00000000a3400000, 0x00000000a3400000|100%|HC|  |TAMS 0x00000000a3400000, 0x00000000a3300000| Complete 
|  52|0x00000000a3400000, 0x00000000a3500000, 0x00000000a3500000|100%| O|  |TAMS 0x00000000a3500000, 0x00000000a3400000| Untracked 
|  53|0x00000000a3500000, 0x00000000a3600000, 0x00000000a3600000|100%| O|  |TAMS 0x00000000a3600000, 0x00000000a3500000| Untracked 
|  54|0x00000000a3600000, 0x00000000a3700000, 0x00000000a3700000|100%| O|  |TAMS 0x00000000a3700000, 0x00000000a3600000| Untracked 
|  55|0x00000000a3700000, 0x00000000a3800000, 0x00000000a3800000|100%| O|  |TAMS 0x00000000a3800000, 0x00000000a3700000| Untracked 
|  56|0x00000000a3800000, 0x00000000a3900000, 0x00000000a3900000|100%| O|  |TAMS 0x00000000a3900000, 0x00000000a3800000| Untracked 
|  57|0x00000000a3900000, 0x00000000a3a00000, 0x00000000a3a00000|100%| O|  |TAMS 0x00000000a3a00000, 0x00000000a3900000| Untracked 
|  58|0x00000000a3a00000, 0x00000000a3b00000, 0x00000000a3b00000|100%| O|  |TAMS 0x00000000a3b00000, 0x00000000a3a00000| Untracked 
|  59|0x00000000a3b00000, 0x00000000a3c00000, 0x00000000a3c00000|100%| O|  |TAMS 0x00000000a3c00000, 0x00000000a3b00000| Untracked 
|  60|0x00000000a3c00000, 0x00000000a3d00000, 0x00000000a3d00000|100%| O|  |TAMS 0x00000000a3d00000, 0x00000000a3c00000| Untracked 
|  61|0x00000000a3d00000, 0x00000000a3e00000, 0x00000000a3e00000|100%| O|  |TAMS 0x00000000a3e00000, 0x00000000a3d00000| Untracked 
|  62|0x00000000a3e00000, 0x00000000a3f00000, 0x00000000a3f00000|100%| O|  |TAMS 0x00000000a3f00000, 0x00000000a3e00000| Untracked 
|  63|0x00000000a3f00000, 0x00000000a4000000, 0x00000000a4000000|100%| O|  |TAMS 0x00000000a4000000, 0x00000000a3f00000| Untracked 
|  64|0x00000000a4000000, 0x00000000a4100000, 0x00000000a4100000|100%| O|  |TAMS 0x00000000a4100000, 0x00000000a4000000| Untracked 
|  65|0x00000000a4100000, 0x00000000a4200000, 0x00000000a4200000|100%| O|  |TAMS 0x00000000a4200000, 0x00000000a4100000| Untracked 
|  66|0x00000000a4200000, 0x00000000a4300000, 0x00000000a4300000|100%| O|  |TAMS 0x00000000a4300000, 0x00000000a4200000| Untracked 
|  67|0x00000000a4300000, 0x00000000a4400000, 0x00000000a4400000|100%| O|  |TAMS 0x00000000a4400000, 0x00000000a4300000| Untracked 
|  68|0x00000000a4400000, 0x00000000a4500000, 0x00000000a4500000|100%| O|  |TAMS 0x00000000a4500000, 0x00000000a4400000| Untracked 
|  69|0x00000000a4500000, 0x00000000a4600000, 0x00000000a4600000|100%| O|  |TAMS 0x00000000a4600000, 0x00000000a4500000| Untracked 
|  70|0x00000000a4600000, 0x00000000a4700000, 0x00000000a4700000|100%| O|  |TAMS 0x00000000a4700000, 0x00000000a4600000| Untracked 
|  71|0x00000000a4700000, 0x00000000a4800000, 0x00000000a4800000|100%| O|  |TAMS 0x00000000a4800000, 0x00000000a4700000| Untracked 
|  72|0x00000000a4800000, 0x00000000a4900000, 0x00000000a4900000|100%| O|  |TAMS 0x00000000a4900000, 0x00000000a4800000| Untracked 
|  73|0x00000000a4900000, 0x00000000a4a00000, 0x00000000a4a00000|100%| O|  |TAMS 0x00000000a4a00000, 0x00000000a4900000| Untracked 
|  74|0x00000000a4a00000, 0x00000000a4b00000, 0x00000000a4b00000|100%| O|  |TAMS 0x00000000a4b00000, 0x00000000a4a00000| Untracked 
|  75|0x00000000a4b00000, 0x00000000a4c00000, 0x00000000a4c00000|100%| O|  |TAMS 0x00000000a4c00000, 0x00000000a4b00000| Untracked 
|  76|0x00000000a4c00000, 0x00000000a4d00000, 0x00000000a4d00000|100%|HS|  |TAMS 0x00000000a4d00000, 0x00000000a4c00000| Complete 
|  77|0x00000000a4d00000, 0x00000000a4e00000, 0x00000000a4e00000|100%|HC|  |TAMS 0x00000000a4e00000, 0x00000000a4d00000| Complete 
|  78|0x00000000a4e00000, 0x00000000a4f00000, 0x00000000a4f00000|100%|HC|  |TAMS 0x00000000a4f00000, 0x00000000a4e00000| Complete 
|  79|0x00000000a4f00000, 0x00000000a5000000, 0x00000000a5000000|100%| O|  |TAMS 0x00000000a4f00000, 0x00000000a4f00000| Untracked 
|  80|0x00000000a5000000, 0x00000000a50f6200, 0x00000000a5100000| 96%| O|  |TAMS 0x00000000a5000000, 0x00000000a5000000| Untracked 
|  81|0x00000000a5100000, 0x00000000a5100000, 0x00000000a5200000|  0%| F|  |TAMS 0x00000000a5100000, 0x00000000a5100000| Untracked 
|  82|0x00000000a5200000, 0x00000000a5200000, 0x00000000a5300000|  0%| F|  |TAMS 0x00000000a5200000, 0x00000000a5200000| Untracked 
|  83|0x00000000a5300000, 0x00000000a5300000, 0x00000000a5400000|  0%| F|  |TAMS 0x00000000a5300000, 0x00000000a5300000| Untracked 
|  84|0x00000000a5400000, 0x00000000a5400000, 0x00000000a5500000|  0%| F|  |TAMS 0x00000000a5400000, 0x00000000a5400000| Untracked 
|  85|0x00000000a5500000, 0x00000000a5500000, 0x00000000a5600000|  0%| F|  |TAMS 0x00000000a5500000, 0x00000000a5500000| Untracked 
|  86|0x00000000a5600000, 0x00000000a5600000, 0x00000000a5700000|  0%| F|  |TAMS 0x00000000a5600000, 0x00000000a5600000| Untracked 
|  87|0x00000000a5700000, 0x00000000a5700000, 0x00000000a5800000|  0%| F|  |TAMS 0x00000000a5700000, 0x00000000a5700000| Untracked 
|  88|0x00000000a5800000, 0x00000000a5800000, 0x00000000a5900000|  0%| F|  |TAMS 0x00000000a5800000, 0x00000000a5800000| Untracked 
|  89|0x00000000a5900000, 0x00000000a5900000, 0x00000000a5a00000|  0%| F|  |TAMS 0x00000000a5900000, 0x00000000a5900000| Untracked 
|  90|0x00000000a5a00000, 0x00000000a5a00000, 0x00000000a5b00000|  0%| F|  |TAMS 0x00000000a5a00000, 0x00000000a5a00000| Untracked 
|  91|0x00000000a5b00000, 0x00000000a5b00000, 0x00000000a5c00000|  0%| F|  |TAMS 0x00000000a5b00000, 0x00000000a5b00000| Untracked 
|  92|0x00000000a5c00000, 0x00000000a5c00000, 0x00000000a5d00000|  0%| F|  |TAMS 0x00000000a5c00000, 0x00000000a5c00000| Untracked 
|  93|0x00000000a5d00000, 0x00000000a5d00000, 0x00000000a5e00000|  0%| F|  |TAMS 0x00000000a5d00000, 0x00000000a5d00000| Untracked 
|  94|0x00000000a5e00000, 0x00000000a5e00000, 0x00000000a5f00000|  0%| F|  |TAMS 0x00000000a5e00000, 0x00000000a5e00000| Untracked 
|  95|0x00000000a5f00000, 0x00000000a5f00000, 0x00000000a6000000|  0%| F|  |TAMS 0x00000000a5f00000, 0x00000000a5f00000| Untracked 
|  96|0x00000000a6000000, 0x00000000a6000000, 0x00000000a6100000|  0%| F|  |TAMS 0x00000000a6000000, 0x00000000a6000000| Untracked 
|  97|0x00000000a6100000, 0x00000000a6100000, 0x00000000a6200000|  0%| F|  |TAMS 0x00000000a6100000, 0x00000000a6100000| Untracked 
|  98|0x00000000a6200000, 0x00000000a6200000, 0x00000000a6300000|  0%| F|  |TAMS 0x00000000a6200000, 0x00000000a6200000| Untracked 
|  99|0x00000000a6300000, 0x00000000a6300000, 0x00000000a6400000|  0%| F|  |TAMS 0x00000000a6300000, 0x00000000a6300000| Untracked 
| 100|0x00000000a6400000, 0x00000000a6400000, 0x00000000a6500000|  0%| F|  |TAMS 0x00000000a6400000, 0x00000000a6400000| Untracked 
| 101|0x00000000a6500000, 0x00000000a6500000, 0x00000000a6600000|  0%| F|  |TAMS 0x00000000a6500000, 0x00000000a6500000| Untracked 
| 102|0x00000000a6600000, 0x00000000a6600000, 0x00000000a6700000|  0%| F|  |TAMS 0x00000000a6600000, 0x00000000a6600000| Untracked 
| 103|0x00000000a6700000, 0x00000000a6700000, 0x00000000a6800000|  0%| F|  |TAMS 0x00000000a6700000, 0x00000000a6700000| Untracked 
| 104|0x00000000a6800000, 0x00000000a6800000, 0x00000000a6900000|  0%| F|  |TAMS 0x00000000a6800000, 0x00000000a6800000| Untracked 
| 105|0x00000000a6900000, 0x00000000a6900000, 0x00000000a6a00000|  0%| F|  |TAMS 0x00000000a6900000, 0x00000000a6900000| Untracked 
| 106|0x00000000a6a00000, 0x00000000a6a00000, 0x00000000a6b00000|  0%| F|  |TAMS 0x00000000a6a00000, 0x00000000a6a00000| Untracked 
| 107|0x00000000a6b00000, 0x00000000a6b00000, 0x00000000a6c00000|  0%| F|  |TAMS 0x00000000a6b00000, 0x00000000a6b00000| Untracked 
| 108|0x00000000a6c00000, 0x00000000a6c00000, 0x00000000a6d00000|  0%| F|  |TAMS 0x00000000a6c00000, 0x00000000a6c00000| Untracked 
| 109|0x00000000a6d00000, 0x00000000a6d00000, 0x00000000a6e00000|  0%| F|  |TAMS 0x00000000a6d00000, 0x00000000a6d00000| Untracked 
| 110|0x00000000a6e00000, 0x00000000a6e00000, 0x00000000a6f00000|  0%| F|  |TAMS 0x00000000a6e00000, 0x00000000a6e00000| Untracked 
| 111|0x00000000a6f00000, 0x00000000a6f00000, 0x00000000a7000000|  0%| F|  |TAMS 0x00000000a6f00000, 0x00000000a6f00000| Untracked 
| 112|0x00000000a7000000, 0x00000000a7000000, 0x00000000a7100000|  0%| F|  |TAMS 0x00000000a7000000, 0x00000000a7000000| Untracked 
| 113|0x00000000a7100000, 0x00000000a7100000, 0x00000000a7200000|  0%| F|  |TAMS 0x00000000a7100000, 0x00000000a7100000| Untracked 
| 114|0x00000000a7200000, 0x00000000a7200000, 0x00000000a7300000|  0%| F|  |TAMS 0x00000000a7200000, 0x00000000a7200000| Untracked 
| 115|0x00000000a7300000, 0x00000000a7300000, 0x00000000a7400000|  0%| F|  |TAMS 0x00000000a7300000, 0x00000000a7300000| Untracked 
| 116|0x00000000a7400000, 0x00000000a7400000, 0x00000000a7500000|  0%| F|  |TAMS 0x00000000a7400000, 0x00000000a7400000| Untracked 
| 117|0x00000000a7500000, 0x00000000a7500000, 0x00000000a7600000|  0%| F|  |TAMS 0x00000000a7500000, 0x00000000a7500000| Untracked 
| 118|0x00000000a7600000, 0x00000000a7600000, 0x00000000a7700000|  0%| F|  |TAMS 0x00000000a7600000, 0x00000000a7600000| Untracked 
| 119|0x00000000a7700000, 0x00000000a7700000, 0x00000000a7800000|  0%| F|  |TAMS 0x00000000a7700000, 0x00000000a7700000| Untracked 
| 120|0x00000000a7800000, 0x00000000a7800000, 0x00000000a7900000|  0%| F|  |TAMS 0x00000000a7800000, 0x00000000a7800000| Untracked 
| 121|0x00000000a7900000, 0x00000000a7900000, 0x00000000a7a00000|  0%| F|  |TAMS 0x00000000a7900000, 0x00000000a7900000| Untracked 
| 122|0x00000000a7a00000, 0x00000000a7a00000, 0x00000000a7b00000|  0%| F|  |TAMS 0x00000000a7a00000, 0x00000000a7a00000| Untracked 
| 123|0x00000000a7b00000, 0x00000000a7b00000, 0x00000000a7c00000|  0%| F|  |TAMS 0x00000000a7b00000, 0x00000000a7b00000| Untracked 
| 124|0x00000000a7c00000, 0x00000000a7c00000, 0x00000000a7d00000|  0%| F|  |TAMS 0x00000000a7c00000, 0x00000000a7c00000| Untracked 
| 125|0x00000000a7d00000, 0x00000000a7d00000, 0x00000000a7e00000|  0%| F|  |TAMS 0x00000000a7d00000, 0x00000000a7d00000| Untracked 
| 126|0x00000000a7e00000, 0x00000000a7e00000, 0x00000000a7f00000|  0%| F|  |TAMS 0x00000000a7e00000, 0x00000000a7e00000| Untracked 
| 127|0x00000000a7f00000, 0x00000000a7f00000, 0x00000000a8000000|  0%| F|  |TAMS 0x00000000a7f00000, 0x00000000a7f00000| Untracked 
| 128|0x00000000a8000000, 0x00000000a8000000, 0x00000000a8100000|  0%| F|  |TAMS 0x00000000a8000000, 0x00000000a8000000| Untracked 
| 129|0x00000000a8100000, 0x00000000a8100000, 0x00000000a8200000|  0%| F|  |TAMS 0x00000000a8100000, 0x00000000a8100000| Untracked 
| 130|0x00000000a8200000, 0x00000000a8200000, 0x00000000a8300000|  0%| F|  |TAMS 0x00000000a8200000, 0x00000000a8200000| Untracked 
| 131|0x00000000a8300000, 0x00000000a8300000, 0x00000000a8400000|  0%| F|  |TAMS 0x00000000a8300000, 0x00000000a8300000| Untracked 
| 132|0x00000000a8400000, 0x00000000a8400000, 0x00000000a8500000|  0%| F|  |TAMS 0x00000000a8400000, 0x00000000a8400000| Untracked 
| 133|0x00000000a8500000, 0x00000000a8500000, 0x00000000a8600000|  0%| F|  |TAMS 0x00000000a8500000, 0x00000000a8500000| Untracked 
| 134|0x00000000a8600000, 0x00000000a8600000, 0x00000000a8700000|  0%| F|  |TAMS 0x00000000a8600000, 0x00000000a8600000| Untracked 
| 135|0x00000000a8700000, 0x00000000a8700000, 0x00000000a8800000|  0%| F|  |TAMS 0x00000000a8700000, 0x00000000a8700000| Untracked 
| 136|0x00000000a8800000, 0x00000000a8800000, 0x00000000a8900000|  0%| F|  |TAMS 0x00000000a8800000, 0x00000000a8800000| Untracked 
| 137|0x00000000a8900000, 0x00000000a8900000, 0x00000000a8a00000|  0%| F|  |TAMS 0x00000000a8900000, 0x00000000a8900000| Untracked 
| 138|0x00000000a8a00000, 0x00000000a8a00000, 0x00000000a8b00000|  0%| F|  |TAMS 0x00000000a8a00000, 0x00000000a8a00000| Untracked 
| 139|0x00000000a8b00000, 0x00000000a8b00000, 0x00000000a8c00000|  0%| F|  |TAMS 0x00000000a8b00000, 0x00000000a8b00000| Untracked 
| 140|0x00000000a8c00000, 0x00000000a8c00000, 0x00000000a8d00000|  0%| F|  |TAMS 0x00000000a8c00000, 0x00000000a8c00000| Untracked 
| 141|0x00000000a8d00000, 0x00000000a8d00000, 0x00000000a8e00000|  0%| F|  |TAMS 0x00000000a8d00000, 0x00000000a8d00000| Untracked 
| 142|0x00000000a8e00000, 0x00000000a8e00000, 0x00000000a8f00000|  0%| F|  |TAMS 0x00000000a8e00000, 0x00000000a8e00000| Untracked 
| 143|0x00000000a8f00000, 0x00000000a8f00000, 0x00000000a9000000|  0%| F|  |TAMS 0x00000000a8f00000, 0x00000000a8f00000| Untracked 
| 144|0x00000000a9000000, 0x00000000a9000000, 0x00000000a9100000|  0%| F|  |TAMS 0x00000000a9000000, 0x00000000a9000000| Untracked 
| 145|0x00000000a9100000, 0x00000000a9100000, 0x00000000a9200000|  0%| F|  |TAMS 0x00000000a9100000, 0x00000000a9100000| Untracked 
| 146|0x00000000a9200000, 0x00000000a9200000, 0x00000000a9300000|  0%| F|  |TAMS 0x00000000a9200000, 0x00000000a9200000| Untracked 
| 147|0x00000000a9300000, 0x00000000a9300000, 0x00000000a9400000|  0%| F|  |TAMS 0x00000000a9300000, 0x00000000a9300000| Untracked 
| 148|0x00000000a9400000, 0x00000000a9400000, 0x00000000a9500000|  0%| F|  |TAMS 0x00000000a9400000, 0x00000000a9400000| Untracked 
| 149|0x00000000a9500000, 0x00000000a9500000, 0x00000000a9600000|  0%| F|  |TAMS 0x00000000a9500000, 0x00000000a9500000| Untracked 
| 150|0x00000000a9600000, 0x00000000a9600000, 0x00000000a9700000|  0%| F|  |TAMS 0x00000000a9600000, 0x00000000a9600000| Untracked 
| 151|0x00000000a9700000, 0x00000000a9700000, 0x00000000a9800000|  0%| F|  |TAMS 0x00000000a9700000, 0x00000000a9700000| Untracked 
| 152|0x00000000a9800000, 0x00000000a9800000, 0x00000000a9900000|  0%| F|  |TAMS 0x00000000a9800000, 0x00000000a9800000| Untracked 
| 153|0x00000000a9900000, 0x00000000a9900000, 0x00000000a9a00000|  0%| F|  |TAMS 0x00000000a9900000, 0x00000000a9900000| Untracked 
| 154|0x00000000a9a00000, 0x00000000a9a00000, 0x00000000a9b00000|  0%| F|  |TAMS 0x00000000a9a00000, 0x00000000a9a00000| Untracked 
| 155|0x00000000a9b00000, 0x00000000a9b00000, 0x00000000a9c00000|  0%| F|  |TAMS 0x00000000a9b00000, 0x00000000a9b00000| Untracked 
| 156|0x00000000a9c00000, 0x00000000a9c00000, 0x00000000a9d00000|  0%| F|  |TAMS 0x00000000a9c00000, 0x00000000a9c00000| Untracked 
| 157|0x00000000a9d00000, 0x00000000a9d00000, 0x00000000a9e00000|  0%| F|  |TAMS 0x00000000a9d00000, 0x00000000a9d00000| Untracked 
| 158|0x00000000a9e00000, 0x00000000a9e00000, 0x00000000a9f00000|  0%| F|  |TAMS 0x00000000a9e00000, 0x00000000a9e00000| Untracked 
| 159|0x00000000a9f00000, 0x00000000a9f00000, 0x00000000aa000000|  0%| F|  |TAMS 0x00000000a9f00000, 0x00000000a9f00000| Untracked 
| 160|0x00000000aa000000, 0x00000000aa000000, 0x00000000aa100000|  0%| F|  |TAMS 0x00000000aa000000, 0x00000000aa000000| Untracked 
| 161|0x00000000aa100000, 0x00000000aa100000, 0x00000000aa200000|  0%| F|  |TAMS 0x00000000aa100000, 0x00000000aa100000| Untracked 
| 162|0x00000000aa200000, 0x00000000aa200000, 0x00000000aa300000|  0%| F|  |TAMS 0x00000000aa200000, 0x00000000aa200000| Untracked 
| 163|0x00000000aa300000, 0x00000000aa300000, 0x00000000aa400000|  0%| F|  |TAMS 0x00000000aa300000, 0x00000000aa300000| Untracked 
| 164|0x00000000aa400000, 0x00000000aa400000, 0x00000000aa500000|  0%| F|  |TAMS 0x00000000aa400000, 0x00000000aa400000| Untracked 
| 165|0x00000000aa500000, 0x00000000aa500000, 0x00000000aa600000|  0%| F|  |TAMS 0x00000000aa500000, 0x00000000aa500000| Untracked 
| 166|0x00000000aa600000, 0x00000000aa600000, 0x00000000aa700000|  0%| F|  |TAMS 0x00000000aa600000, 0x00000000aa600000| Untracked 
| 167|0x00000000aa700000, 0x00000000aa700000, 0x00000000aa800000|  0%| F|  |TAMS 0x00000000aa700000, 0x00000000aa700000| Untracked 
| 168|0x00000000aa800000, 0x00000000aa800000, 0x00000000aa900000|  0%| F|  |TAMS 0x00000000aa800000, 0x00000000aa800000| Untracked 
| 169|0x00000000aa900000, 0x00000000aa9d3d30, 0x00000000aaa00000| 82%| S|CS|TAMS 0x00000000aa900000, 0x00000000aa900000| Complete 
| 170|0x00000000aaa00000, 0x00000000aab00000, 0x00000000aab00000|100%| S|CS|TAMS 0x00000000aaa00000, 0x00000000aaa00000| Complete 
| 171|0x00000000aab00000, 0x00000000aab00000, 0x00000000aac00000|  0%| F|  |TAMS 0x00000000aab00000, 0x00000000aab00000| Untracked 
| 172|0x00000000aac00000, 0x00000000aac00000, 0x00000000aad00000|  0%| F|  |TAMS 0x00000000aac00000, 0x00000000aac00000| Untracked 
| 173|0x00000000aad00000, 0x00000000aad00000, 0x00000000aae00000|  0%| F|  |TAMS 0x00000000aad00000, 0x00000000aad00000| Untracked 
| 174|0x00000000aae00000, 0x00000000aae00000, 0x00000000aaf00000|  0%| F|  |TAMS 0x00000000aae00000, 0x00000000aae00000| Untracked 
| 175|0x00000000aaf00000, 0x00000000aaf00000, 0x00000000ab000000|  0%| F|  |TAMS 0x00000000aaf00000, 0x00000000aaf00000| Untracked 
| 176|0x00000000ab000000, 0x00000000ab000000, 0x00000000ab100000|  0%| F|  |TAMS 0x00000000ab000000, 0x00000000ab000000| Untracked 
| 177|0x00000000ab100000, 0x00000000ab100000, 0x00000000ab200000|  0%| F|  |TAMS 0x00000000ab100000, 0x00000000ab100000| Untracked 
| 178|0x00000000ab200000, 0x00000000ab200000, 0x00000000ab300000|  0%| F|  |TAMS 0x00000000ab200000, 0x00000000ab200000| Untracked 
| 179|0x00000000ab300000, 0x00000000ab300000, 0x00000000ab400000|  0%| F|  |TAMS 0x00000000ab300000, 0x00000000ab300000| Untracked 
| 180|0x00000000ab400000, 0x00000000ab400000, 0x00000000ab500000|  0%| F|  |TAMS 0x00000000ab400000, 0x00000000ab400000| Untracked 
| 181|0x00000000ab500000, 0x00000000ab500000, 0x00000000ab600000|  0%| F|  |TAMS 0x00000000ab500000, 0x00000000ab500000| Untracked 
| 182|0x00000000ab600000, 0x00000000ab600000, 0x00000000ab700000|  0%| F|  |TAMS 0x00000000ab600000, 0x00000000ab600000| Untracked 
| 183|0x00000000ab700000, 0x00000000ab700000, 0x00000000ab800000|  0%| F|  |TAMS 0x00000000ab700000, 0x00000000ab700000| Untracked 
| 184|0x00000000ab800000, 0x00000000ab800000, 0x00000000ab900000|  0%| F|  |TAMS 0x00000000ab800000, 0x00000000ab800000| Untracked 
| 185|0x00000000ab900000, 0x00000000ab900000, 0x00000000aba00000|  0%| F|  |TAMS 0x00000000ab900000, 0x00000000ab900000| Untracked 
| 186|0x00000000aba00000, 0x00000000aba00000, 0x00000000abb00000|  0%| F|  |TAMS 0x00000000aba00000, 0x00000000aba00000| Untracked 
| 187|0x00000000abb00000, 0x00000000abb00000, 0x00000000abc00000|  0%| F|  |TAMS 0x00000000abb00000, 0x00000000abb00000| Untracked 
| 188|0x00000000abc00000, 0x00000000abc00000, 0x00000000abd00000|  0%| F|  |TAMS 0x00000000abc00000, 0x00000000abc00000| Untracked 
| 189|0x00000000abd00000, 0x00000000abd00000, 0x00000000abe00000|  0%| F|  |TAMS 0x00000000abd00000, 0x00000000abd00000| Untracked 
| 190|0x00000000abe00000, 0x00000000abe00000, 0x00000000abf00000|  0%| F|  |TAMS 0x00000000abe00000, 0x00000000abe00000| Untracked 
| 191|0x00000000abf00000, 0x00000000abf00000, 0x00000000ac000000|  0%| F|  |TAMS 0x00000000abf00000, 0x00000000abf00000| Untracked 

Card table byte_map: [0x0000020ccb580000,0x0000020ccb880000] _byte_map_base: 0x0000020ccb080000

Marking Bits (Prev, Next): (CMBitMap*) 0x0000020cb81721e8, (CMBitMap*) 0x0000020cb8172220
 Prev Bits: [0x0000020ccbb80000, 0x0000020ccd380000)
 Next Bits: [0x0000020ccd380000, 0x0000020cceb80000)

Polling page: 0x0000020cb8220000

Metaspace:

Usage:
  Non-class:     71.03 MB capacity,    69.73 MB ( 98%) used,     1.12 MB (  2%) free+waste,   183.38 KB ( <1%) overhead. 
      Class:     10.65 MB capacity,     9.95 MB ( 93%) used,   632.13 KB (  6%) free+waste,    83.75 KB ( <1%) overhead. 
       Both:     81.68 MB capacity,    79.68 MB ( 98%) used,     1.74 MB (  2%) free+waste,   267.13 KB ( <1%) overhead. 

Virtual space:
  Non-class space:       72.00 MB reserved,      71.25 MB ( 99%) committed 
      Class space:        1.00 GB reserved,      10.75 MB (  1%) committed 
             Both:        1.07 GB reserved,      82.00 MB (  7%) committed 

Chunk freelists:
   Non-Class:  30.00 KB
       Class:  85.00 KB
        Both:  115.00 KB

MaxMetaspaceSize: 17179869184.00 GB
CompressedClassSpaceSize: 1.00 GB

CodeHeap 'non-profiled nmethods': size=120064Kb used=9288Kb max_used=9288Kb free=110775Kb
 bounds [0x0000020cc3710000, 0x0000020cc4030000, 0x0000020ccac50000]
CodeHeap 'profiled nmethods': size=120000Kb used=26469Kb max_used=26469Kb free=93531Kb
 bounds [0x0000020cbc1e0000, 0x0000020cbdbc0000, 0x0000020cc3710000]
CodeHeap 'non-nmethods': size=5696Kb used=2280Kb max_used=2337Kb free=3415Kb
 bounds [0x0000020cbbc50000, 0x0000020cbbec0000, 0x0000020cbc1e0000]
 total_blobs=11856 nmethods=10972 adapters=795
 compilation: enabled
              stopped_count=0, restarted_count=0
 full_count=0

Compilation events (20 events):
Event: 294.194 Thread 0x0000020cd11f7000 11171       3       org.objectweb.asm.SymbolTable::addConstantFloat (10 bytes)
Event: 294.194 Thread 0x0000020cd11f7000 nmethod 11171 0x0000020cbdbb1990 code [0x0000020cbdbb1b40, 0x0000020cbdbb1c88]
Event: 294.296 Thread 0x0000020cd11f7000 11172       3       org.objectweb.asm.ByteVector::putLong (145 bytes)
Event: 294.296 Thread 0x0000020cd11f7000 nmethod 11172 0x0000020cbdbb1d10 code [0x0000020cbdbb1ee0, 0x0000020cbdbb21c8]
Event: 296.446 Thread 0x0000020cd11f7000 11173       3       org.objectweb.asm.MethodWriter::visitInvokeDynamicInsn (147 bytes)
Event: 296.450 Thread 0x0000020cd11f7000 nmethod 11173 0x0000020cbdbb2390 code [0x0000020cbdbb25c0, 0x0000020cbdbb2c18]
Event: 296.711 Thread 0x0000020cd11f7000 11174       3       org.gradle.internal.classpath.InstrumentingTransformer$InstrumentingMethodVisitor::visitInvokeDynamicInsn (135 bytes)
Event: 296.716 Thread 0x0000020cd11f7000 nmethod 11174 0x0000020cbdbb2f10 code [0x0000020cbdbb32e0, 0x0000020cbdbb4cb8]
Event: 296.776 Thread 0x0000020cd11f7000 11175       3       org.objectweb.asm.MethodVisitor::visitInvokeDynamicInsn (39 bytes)
Event: 296.776 Thread 0x0000020cd11f7000 nmethod 11175 0x0000020cbdbb5710 code [0x0000020cbdbb58e0, 0x0000020cbdbb5bf8]
Event: 298.843 Thread 0x0000020cd11f7000 11176 % !   3       java.lang.ref.Reference::processPendingReferences @ 27 (132 bytes)
Event: 298.844 Thread 0x0000020cd11f7000 nmethod 11176% 0x0000020cbdbb5d10 code [0x0000020cbdbb5fc0, 0x0000020cbdbb6d68]
Event: 298.990 Thread 0x0000020cd11f7000 11177       3       org.objectweb.asm.SymbolTable::addConstantDynamicOrInvokeDynamicReference (140 bytes)
Event: 298.991 Thread 0x0000020cd11f7000 nmethod 11177 0x0000020cbdbb7110 code [0x0000020cbdbb7380, 0x0000020cbdbb7b58]
Event: 299.554 Thread 0x0000020cd11f7000 11178   !   3       java.lang.ref.Reference::processPendingReferences (132 bytes)
Event: 299.555 Thread 0x0000020cd11f7000 nmethod 11178 0x0000020cbdbb8010 code [0x0000020cbdbb82c0, 0x0000020cbdbb9028]
Event: 300.139 Thread 0x0000020cd11f6000 11179 %     4       java.util.concurrent.SynchronousQueue$TransferStack::awaitFulfill @ 47 (169 bytes)
Event: 300.511 Thread 0x0000020cd11f6000 nmethod 11179% 0x0000020cc4020090 code [0x0000020cc4020280, 0x0000020cc4020bd0]
Event: 300.555 Thread 0x0000020cd11f6000 11180   !   4       java.util.zip.Inflater::end (37 bytes)
Event: 300.575 Thread 0x0000020cd11f6000 nmethod 11180 0x0000020cc4020f90 code [0x0000020cc4021140, 0x0000020cc4021cf8]

GC Heap History (20 events):
Event: 288.548 GC heap after
{Heap after GC invocations=55 (full 0):
 garbage-first heap   total 163840K, used 81223K [0x00000000a0000000, 0x0000000100000000)
  region size 1024K, 2 young (2048K), 2 survivors (2048K)
 Metaspace       used 81563K, capacity 83637K, committed 83968K, reserved 1122304K
  class space    used 10187K, capacity 10903K, committed 11008K, reserved 1048576K
}
Event: 290.070 GC heap before
{Heap before GC invocations=55 (full 0):
 garbage-first heap   total 163840K, used 136519K [0x00000000a0000000, 0x0000000100000000)
  region size 1024K, 58 young (59392K), 2 survivors (2048K)
 Metaspace       used 81568K, capacity 83639K, committed 83968K, reserved 1122304K
  class space    used 10187K, capacity 10903K, committed 11008K, reserved 1048576K
}
Event: 290.076 GC heap after
{Heap after GC invocations=56 (full 0):
 garbage-first heap   total 163840K, used 82173K [0x00000000a0000000, 0x0000000100000000)
  region size 1024K, 3 young (3072K), 3 survivors (3072K)
 Metaspace       used 81568K, capacity 83639K, committed 83968K, reserved 1122304K
  class space    used 10187K, capacity 10903K, committed 11008K, reserved 1048576K
}
Event: 292.669 GC heap before
{Heap before GC invocations=56 (full 0):
 garbage-first heap   total 163840K, used 138493K [0x00000000a0000000, 0x0000000100000000)
  region size 1024K, 58 young (59392K), 3 survivors (3072K)
 Metaspace       used 81585K, capacity 83641K, committed 83968K, reserved 1122304K
  class space    used 10187K, capacity 10903K, committed 11008K, reserved 1048576K
}
Event: 292.674 GC heap after
{Heap after GC invocations=57 (full 0):
 garbage-first heap   total 163840K, used 83922K [0x00000000a0000000, 0x0000000100000000)
  region size 1024K, 5 young (5120K), 5 survivors (5120K)
 Metaspace       used 81585K, capacity 83641K, committed 83968K, reserved 1122304K
  class space    used 10187K, capacity 10903K, committed 11008K, reserved 1048576K
}
Event: 294.401 GC heap before
{Heap before GC invocations=57 (full 0):
 garbage-first heap   total 163840K, used 138194K [0x00000000a0000000, 0x0000000100000000)
  region size 1024K, 58 young (59392K), 5 survivors (5120K)
 Metaspace       used 81589K, capacity 83641K, committed 83968K, reserved 1122304K
  class space    used 10187K, capacity 10903K, committed 11008K, reserved 1048576K
}
Event: 294.514 GC heap after
{Heap after GC invocations=58 (full 0):
 garbage-first heap   total 163840K, used 85089K [0x00000000a0000000, 0x0000000100000000)
  region size 1024K, 6 young (6144K), 6 survivors (6144K)
 Metaspace       used 81589K, capacity 83641K, committed 83968K, reserved 1122304K
  class space    used 10187K, capacity 10903K, committed 11008K, reserved 1048576K
}
Event: 295.532 GC heap before
{Heap before GC invocations=58 (full 0):
 garbage-first heap   total 163840K, used 137313K [0x00000000a0000000, 0x0000000100000000)
  region size 1024K, 57 young (58368K), 6 survivors (6144K)
 Metaspace       used 81589K, capacity 83641K, committed 83968K, reserved 1122304K
  class space    used 10187K, capacity 10903K, committed 11008K, reserved 1048576K
}
Event: 295.577 GC heap after
{Heap after GC invocations=59 (full 0):
 garbage-first heap   total 163840K, used 85492K [0x00000000a0000000, 0x0000000100000000)
  region size 1024K, 5 young (5120K), 5 survivors (5120K)
 Metaspace       used 81589K, capacity 83641K, committed 83968K, reserved 1122304K
  class space    used 10187K, capacity 10903K, committed 11008K, reserved 1048576K
}
Event: 296.599 GC heap before
{Heap before GC invocations=59 (full 0):
 garbage-first heap   total 163840K, used 136692K [0x00000000a0000000, 0x0000000100000000)
  region size 1024K, 55 young (56320K), 5 survivors (5120K)
 Metaspace       used 81589K, capacity 83641K, committed 83968K, reserved 1122304K
  class space    used 10187K, capacity 10903K, committed 11008K, reserved 1048576K
}
Event: 296.631 GC heap after
{Heap after GC invocations=60 (full 0):
 garbage-first heap   total 163840K, used 86349K [0x00000000a0000000, 0x0000000100000000)
  region size 1024K, 5 young (5120K), 5 survivors (5120K)
 Metaspace       used 81589K, capacity 83641K, committed 83968K, reserved 1122304K
  class space    used 10187K, capacity 10903K, committed 11008K, reserved 1048576K
}
Event: 298.420 GC heap before
{Heap before GC invocations=60 (full 0):
 garbage-first heap   total 163840K, used 135501K [0x00000000a0000000, 0x0000000100000000)
  region size 1024K, 54 young (55296K), 5 survivors (5120K)
 Metaspace       used 81589K, capacity 83641K, committed 83968K, reserved 1122304K
  class space    used 10187K, capacity 10903K, committed 11008K, reserved 1048576K
}
Event: 298.831 GC heap after
{Heap after GC invocations=61 (full 0):
 garbage-first heap   total 196608K, used 86789K [0x00000000a0000000, 0x0000000100000000)
  region size 1024K, 5 young (5120K), 5 survivors (5120K)
 Metaspace       used 81589K, capacity 83641K, committed 83968K, reserved 1122304K
  class space    used 10187K, capacity 10903K, committed 11008K, reserved 1048576K
}
Event: 299.090 GC heap before
{Heap before GC invocations=61 (full 0):
 garbage-first heap   total 196608K, used 133893K [0x00000000a0000000, 0x0000000100000000)
  region size 1024K, 52 young (53248K), 5 survivors (5120K)
 Metaspace       used 81591K, capacity 83641K, committed 83968K, reserved 1122304K
  class space    used 10187K, capacity 10903K, committed 11008K, reserved 1048576K
}
Event: 299.549 GC heap after
{Heap after GC invocations=62 (full 0):
 garbage-first heap   total 196608K, used 86733K [0x00000000a0000000, 0x0000000100000000)
  region size 1024K, 5 young (5120K), 5 survivors (5120K)
 Metaspace       used 81591K, capacity 83641K, committed 83968K, reserved 1122304K
  class space    used 10187K, capacity 10903K, committed 11008K, reserved 1048576K
}
Event: 299.730 GC heap before
{Heap before GC invocations=62 (full 0):
 garbage-first heap   total 196608K, used 117453K [0x00000000a0000000, 0x0000000100000000)
  region size 1024K, 36 young (36864K), 5 survivors (5120K)
 Metaspace       used 81591K, capacity 83641K, committed 83968K, reserved 1122304K
  class space    used 10187K, capacity 10903K, committed 11008K, reserved 1048576K
}
Event: 300.024 GC heap after
{Heap after GC invocations=63 (full 0):
 garbage-first heap   total 196608K, used 85952K [0x00000000a0000000, 0x0000000100000000)
  region size 1024K, 4 young (4096K), 4 survivors (4096K)
 Metaspace       used 81591K, capacity 83641K, committed 83968K, reserved 1122304K
  class space    used 10187K, capacity 10903K, committed 11008K, reserved 1048576K
}
Event: 300.204 GC heap before
{Heap before GC invocations=63 (full 0):
 garbage-first heap   total 196608K, used 111552K [0x00000000a0000000, 0x0000000100000000)
  region size 1024K, 30 young (30720K), 4 survivors (4096K)
 Metaspace       used 81591K, capacity 83641K, committed 83968K, reserved 1122304K
  class space    used 10187K, capacity 10903K, committed 11008K, reserved 1048576K
}
Event: 300.491 GC heap after
{Heap after GC invocations=64 (full 0):
 garbage-first heap   total 196608K, used 85090K [0x00000000a0000000, 0x0000000100000000)
  region size 1024K, 3 young (3072K), 3 survivors (3072K)
 Metaspace       used 81591K, capacity 83641K, committed 83968K, reserved 1122304K
  class space    used 10187K, capacity 10903K, committed 11008K, reserved 1048576K
}
Event: 300.811 GC heap before
{Heap before GC invocations=64 (full 0):
 garbage-first heap   total 196608K, used 105570K [0x00000000a0000000, 0x0000000100000000)
  region size 1024K, 24 young (24576K), 3 survivors (3072K)
 Metaspace       used 81591K, capacity 83641K, committed 83968K, reserved 1122304K
  class space    used 10187K, capacity 10903K, committed 11008K, reserved 1048576K
}

Deoptimization events (20 events):
Event: 273.432 Thread 0x0000020cd60f9800 DEOPT PACKING pc=0x0000020cbdb6b2ec sp=0x00000088a9cfe530
Event: 273.432 Thread 0x0000020cd60f9800 DEOPT UNPACKING pc=0x0000020cbbc7764e sp=0x00000088a9cfdba0 mode 0
Event: 273.520 Thread 0x0000020cd60f9800 DEOPT PACKING pc=0x0000020cbdb6b2ec sp=0x00000088a9cfe530
Event: 273.521 Thread 0x0000020cd60f9800 DEOPT UNPACKING pc=0x0000020cbbc7764e sp=0x00000088a9cfdba0 mode 0
Event: 273.676 Thread 0x0000020cd60f9800 DEOPT PACKING pc=0x0000020cbdb6b2ec sp=0x00000088a9cfe530
Event: 273.676 Thread 0x0000020cd60f9800 DEOPT UNPACKING pc=0x0000020cbbc7764e sp=0x00000088a9cfdba0 mode 0
Event: 274.452 Thread 0x0000020cd60f9800 DEOPT PACKING pc=0x0000020cbdb6b2ec sp=0x00000088a9cfe550
Event: 274.454 Thread 0x0000020cd60f9800 DEOPT UNPACKING pc=0x0000020cbbc7764e sp=0x00000088a9cfdbc0 mode 0
Event: 274.675 Thread 0x0000020cd60f9800 DEOPT PACKING pc=0x0000020cbd382028 sp=0x00000088a9cfe230
Event: 274.676 Thread 0x0000020cd60f9800 DEOPT UNPACKING pc=0x0000020cbbc7764e sp=0x00000088a9cfd6f8 mode 0
Event: 275.516 Thread 0x0000020cd60f9800 DEOPT PACKING pc=0x0000020cbdb6c729 sp=0x00000088a9cfe550
Event: 275.516 Thread 0x0000020cd60f9800 DEOPT UNPACKING pc=0x0000020cbbc7764e sp=0x00000088a9cfdbc0 mode 0
Event: 287.806 Thread 0x0000020cd60fc000 Uncommon trap: trap_request=0xffffff4d fr.pc=0x0000020cc3fc8ddc relative=0x000000000000139c
Event: 287.806 Thread 0x0000020cd60fc000 Uncommon trap: reason=unstable_if action=reinterpret pc=0x0000020cc3fc8ddc method=org.gradle.internal.classpath.InstrumentingTransformer$InstrumentingMethodVisitor.visitMethodInsn(ILjava/lang/String;Ljava/lang/String;Ljava/lang/String;Z)V @ 165 c2
Event: 287.806 Thread 0x0000020cd60fc000 DEOPT PACKING pc=0x0000020cc3fc8ddc sp=0x00000088a92fe8b0
Event: 287.925 Thread 0x0000020cd60fc000 DEOPT UNPACKING pc=0x0000020cbbc7782f sp=0x00000088a92fe890 mode 2
Event: 288.831 Thread 0x0000020cd60f6800 Uncommon trap: trap_request=0xffffffe4 fr.pc=0x0000020cc3c330d0 relative=0x0000000000001ab0
Event: 288.833 Thread 0x0000020cd60f6800 Uncommon trap: reason=range_check action=make_not_entrant pc=0x0000020cc3c330d0 method=org.objectweb.asm.ClassReader.readUnsignedShort(I)I @ 19 c2
Event: 288.833 Thread 0x0000020cd60f6800 DEOPT PACKING pc=0x0000020cc3c330d0 sp=0x00000088a93fe910
Event: 288.833 Thread 0x0000020cd60f6800 DEOPT UNPACKING pc=0x0000020cbbc7782f sp=0x00000088a93fe820 mode 2

Classes redefined (0 events):
No events

Internal exceptions (20 events):
Event: 289.307 Thread 0x0000020cd60f6800 Exception <a 'sun/nio/fs/WindowsException'{0x00000000a7df9bd0}> (0x00000000a7df9bd0) thrown at [./src/hotspot/share/prims/jni.cpp, line 615]
Event: 289.517 Thread 0x0000020cd60fd000 Exception <a 'sun/nio/fs/WindowsException'{0x00000000a7bf8a08}> (0x00000000a7bf8a08) thrown at [./src/hotspot/share/prims/jni.cpp, line 615]
Event: 289.518 Thread 0x0000020cd60fd000 Exception <a 'sun/nio/fs/WindowsException'{0x00000000a7bf8b98}> (0x00000000a7bf8b98) thrown at [./src/hotspot/share/prims/jni.cpp, line 615]
Event: 290.043 Thread 0x0000020cd60fe800 Exception <a 'sun/nio/fs/WindowsException'{0x00000000a6d3ccc8}> (0x00000000a6d3ccc8) thrown at [./src/hotspot/share/prims/jni.cpp, line 615]
Event: 290.052 Thread 0x0000020cd60fe800 Exception <a 'sun/nio/fs/WindowsException'{0x00000000a6d3ce70}> (0x00000000a6d3ce70) thrown at [./src/hotspot/share/prims/jni.cpp, line 615]
Event: 290.211 Thread 0x0000020cd6101000 Exception <a 'sun/nio/fs/WindowsException'{0x00000000a9b5aa18}> (0x00000000a9b5aa18) thrown at [./src/hotspot/share/prims/jni.cpp, line 615]
Event: 290.228 Thread 0x0000020cd6101000 Exception <a 'sun/nio/fs/WindowsException'{0x00000000a9b5abb0}> (0x00000000a9b5abb0) thrown at [./src/hotspot/share/prims/jni.cpp, line 615]
Event: 290.330 Thread 0x0000020cd6100000 Exception <a 'sun/nio/fs/WindowsException'{0x00000000a97d15a8}> (0x00000000a97d15a8) thrown at [./src/hotspot/share/prims/jni.cpp, line 615]
Event: 290.332 Thread 0x0000020cd6100000 Exception <a 'sun/nio/fs/WindowsException'{0x00000000a97d1770}> (0x00000000a97d1770) thrown at [./src/hotspot/share/prims/jni.cpp, line 615]
Event: 290.502 Thread 0x0000020cda573000 Exception <a 'sun/nio/fs/WindowsException'{0x00000000a9176058}> (0x00000000a9176058) thrown at [./src/hotspot/share/prims/jni.cpp, line 615]
Event: 290.503 Thread 0x0000020cda573000 Exception <a 'sun/nio/fs/WindowsException'{0x00000000a9176230}> (0x00000000a9176230) thrown at [./src/hotspot/share/prims/jni.cpp, line 615]
Event: 295.046 Thread 0x0000020cda572800 Exception <a 'sun/nio/fs/WindowsException'{0x00000000a8ec22c8}> (0x00000000a8ec22c8) thrown at [./src/hotspot/share/prims/jni.cpp, line 615]
Event: 295.089 Thread 0x0000020cda572800 Exception <a 'sun/nio/fs/WindowsException'{0x00000000a8ec2490}> (0x00000000a8ec2490) thrown at [./src/hotspot/share/prims/jni.cpp, line 615]
Event: 295.989 Thread 0x0000020cda579000 Exception <a 'sun/nio/fs/WindowsException'{0x00000000a85bc8e0}> (0x00000000a85bc8e0) thrown at [./src/hotspot/share/prims/jni.cpp, line 615]
Event: 295.991 Thread 0x0000020cda579000 Exception <a 'sun/nio/fs/WindowsException'{0x00000000a85bca88}> (0x00000000a85bca88) thrown at [./src/hotspot/share/prims/jni.cpp, line 615]
Event: 300.138 Thread 0x0000020cda57f800 Exception <a 'sun/nio/fs/WindowsException'{0x00000000aacf0210}> (0x00000000aacf0210) thrown at [./src/hotspot/share/prims/jni.cpp, line 615]
Event: 300.139 Thread 0x0000020cda57f800 Exception <a 'sun/nio/fs/WindowsException'{0x00000000aacf03a8}> (0x00000000aacf03a8) thrown at [./src/hotspot/share/prims/jni.cpp, line 615]
Event: 300.576 Thread 0x0000020cda57a800 Exception <a 'sun/nio/fs/WindowsException'{0x00000000abc866d8}> (0x00000000abc866d8) thrown at [./src/hotspot/share/prims/jni.cpp, line 615]
Event: 300.577 Thread 0x0000020cda57a800 Exception <a 'sun/nio/fs/WindowsException'{0x00000000abc86870}> (0x00000000abc86870) thrown at [./src/hotspot/share/prims/jni.cpp, line 615]
Event: 300.793 Thread 0x0000020cd3bf1000 Exception <a 'sun/nio/fs/WindowsException'{0x00000000aadbc4b8}> (0x00000000aadbc4b8) thrown at [./src/hotspot/share/prims/jni.cpp, line 615]

Events (20 events):
Event: 296.599 Executing VM operation: G1CollectForAllocation
Event: 296.631 Executing VM operation: G1CollectForAllocation done
Event: 298.238 Thread 0x0000020cda57a800 Thread added: 0x0000020cda57a800
Event: 298.419 Executing VM operation: G1CollectForAllocation
Event: 298.831 Executing VM operation: G1CollectForAllocation done
Event: 299.074 Thread 0x0000020cda57f800 Thread added: 0x0000020cda57f800
Event: 299.089 Executing VM operation: G1CollectForAllocation
Event: 299.549 Executing VM operation: G1CollectForAllocation done
Event: 299.730 Executing VM operation: G1CollectForAllocation
Event: 300.024 Executing VM operation: G1CollectForAllocation done
Event: 300.204 Executing VM operation: G1CollectForAllocation
Event: 300.491 Executing VM operation: G1CollectForAllocation done
Event: 300.719 Thread 0x0000020cda579800 Thread added: 0x0000020cda579800
Event: 300.719 Thread 0x0000020cda57b800 Thread added: 0x0000020cda57b800
Event: 300.720 Thread 0x0000020cda57e800 Thread added: 0x0000020cda57e800
Event: 300.720 Thread 0x0000020cda57c000 Thread added: 0x0000020cda57c000
Event: 300.721 Thread 0x0000020cd3bf5000 Thread added: 0x0000020cd3bf5000
Event: 300.721 Thread 0x0000020cd3bf6000 Thread added: 0x0000020cd3bf6000
Event: 300.746 Thread 0x0000020cd3bf1000 Thread added: 0x0000020cd3bf1000
Event: 300.810 Executing VM operation: G1CollectForAllocation


Dynamic libraries:
0x00007ff77c7e0000 - 0x00007ff77c7ea000 	C:\Users\DELL\Desktop\New folder (2)\jre\bin\java.exe
0x00007fff708d0000 - 0x00007fff70ac5000 	C:\Windows\SYSTEM32\ntdll.dll
0x00007fff6f0c0000 - 0x00007fff6f17e000 	C:\Windows\System32\KERNEL32.DLL
0x00007fff6e3d0000 - 0x00007fff6e698000 	C:\Windows\System32\KERNELBASE.dll
0x00007fff6dfe0000 - 0x00007fff6e0e0000 	C:\Windows\System32\ucrtbase.dll
0x00007fff5b880000 - 0x00007fff5b899000 	C:\Users\DELL\Desktop\New folder (2)\jre\bin\jli.dll
0x00007fff70590000 - 0x00007fff70731000 	C:\Windows\System32\USER32.dll
0x00007fff6e310000 - 0x00007fff6e332000 	C:\Windows\System32\win32u.dll
0x00007fff6f9b0000 - 0x00007fff6f9db000 	C:\Windows\System32\GDI32.dll
0x00007fff6e750000 - 0x00007fff6e85d000 	C:\Windows\System32\gdi32full.dll
0x00007fff6e0e0000 - 0x00007fff6e17d000 	C:\Windows\System32\msvcp_win.dll
0x00007fff53090000 - 0x00007fff530a7000 	C:\Users\DELL\Desktop\New folder (2)\jre\bin\VCRUNTIME140.dll
0x00007fff5e520000 - 0x00007fff5e7ba000 	C:\Windows\WinSxS\amd64_microsoft.windows.common-controls_6595b64144ccf1df_6.0.19041.1110_none_60b5254171f9507e\COMCTL32.dll
0x00007fff70740000 - 0x00007fff707de000 	C:\Windows\System32\msvcrt.dll
0x00007fff6fbd0000 - 0x00007fff6fc00000 	C:\Windows\System32\IMM32.DLL
0x00007fff496b0000 - 0x00007fff4974d000 	C:\Users\DELL\Desktop\New folder (2)\jre\bin\msvcp140.dll
0x00007fff17820000 - 0x00007fff182ef000 	C:\Users\DELL\Desktop\New folder (2)\jre\bin\server\jvm.dll
0x00007fff70320000 - 0x00007fff703cc000 	C:\Windows\System32\ADVAPI32.dll
0x00007fff6fb30000 - 0x00007fff6fbcb000 	C:\Windows\System32\sechost.dll
0x00007fff6f180000 - 0x00007fff6f2aa000 	C:\Windows\System32\RPCRT4.dll
0x00007fff6f9a0000 - 0x00007fff6f9a8000 	C:\Windows\System32\PSAPI.DLL
0x00007fff697b0000 - 0x00007fff697b9000 	C:\Windows\SYSTEM32\WSOCK32.dll
0x00007fff70000000 - 0x00007fff7006b000 	C:\Windows\System32\WS2_32.dll
0x00007fff5f560000 - 0x00007fff5f587000 	C:\Windows\SYSTEM32\WINMM.dll
0x00007fff5fac0000 - 0x00007fff5faca000 	C:\Windows\SYSTEM32\VERSION.dll
0x00007fff6bed0000 - 0x00007fff6bee2000 	C:\Windows\SYSTEM32\kernel.appcore.dll
0x00007fff5c800000 - 0x00007fff5c811000 	C:\Users\DELL\Desktop\New folder (2)\jre\bin\verify.dll
0x00007fff5cf70000 - 0x00007fff5d154000 	C:\Windows\SYSTEM32\DBGHELP.DLL
0x00007fff5ced0000 - 0x00007fff5cefc000 	C:\Windows\SYSTEM32\dbgcore.DLL
0x00007fff6e340000 - 0x00007fff6e3c2000 	C:\Windows\System32\bcryptPrimitives.dll
0x00007fff5b6a0000 - 0x00007fff5b6c9000 	C:\Users\DELL\Desktop\New folder (2)\jre\bin\java.dll
0x00007fff69560000 - 0x00007fff6956b000 	C:\Users\DELL\Desktop\New folder (2)\jre\bin\jimage.dll
0x00007fff5b850000 - 0x00007fff5b868000 	C:\Users\DELL\Desktop\New folder (2)\jre\bin\zip.dll
0x00007fff6e910000 - 0x00007fff6f054000 	C:\Windows\System32\SHELL32.dll
0x00007fff6c0d0000 - 0x00007fff6c864000 	C:\Windows\SYSTEM32\windows.storage.dll
0x00007fff6fca0000 - 0x00007fff6fff5000 	C:\Windows\System32\combase.dll
0x00007fff6da30000 - 0x00007fff6da5e000 	C:\Windows\SYSTEM32\Wldp.dll
0x00007fff6f3e0000 - 0x00007fff6f48d000 	C:\Windows\System32\SHCORE.dll
0x00007fff6fad0000 - 0x00007fff6fb25000 	C:\Windows\System32\shlwapi.dll
0x00007fff6df20000 - 0x00007fff6df3f000 	C:\Windows\SYSTEM32\profapi.dll
0x00007fff5af80000 - 0x00007fff5af9a000 	C:\Users\DELL\Desktop\New folder (2)\jre\bin\net.dll
0x00007fff61460000 - 0x00007fff6156c000 	C:\Windows\SYSTEM32\WINHTTP.dll
0x00007fff6d790000 - 0x00007fff6d7fa000 	C:\Windows\system32\mswsock.dll
0x00007fff584f0000 - 0x00007fff58504000 	C:\Users\DELL\Desktop\New folder (2)\jre\bin\nio.dll
0x00007fff529a0000 - 0x00007fff529c7000 	C:\Users\DELL\.gradle\native\fdc75f09e3144964f2cf3f50f0aa648679c211496f362492102eb8c894070792\windows-amd64\native-platform.dll
0x00007fff47540000 - 0x00007fff476d6000 	C:\Users\DELL\.gradle\native\12488b8bf47d2d4c9fbf2f6322a914ad602e24e48041cd04a747c6da556b65c4\windows-amd64\native-platform-file-events.dll
0x00007fff67ec0000 - 0x00007fff67eca000 	C:\Users\DELL\Desktop\New folder (2)\jre\bin\management.dll
0x00007fff67580000 - 0x00007fff6758c000 	C:\Users\DELL\Desktop\New folder (2)\jre\bin\management_ext.dll
0x00007fff6d990000 - 0x00007fff6d9a8000 	C:\Windows\SYSTEM32\CRYPTSP.dll
0x00007fff6d0a0000 - 0x00007fff6d0d4000 	C:\Windows\system32\rsaenh.dll
0x00007fff6e2e0000 - 0x00007fff6e307000 	C:\Windows\System32\bcrypt.dll
0x00007fff6dee0000 - 0x00007fff6df0e000 	C:\Windows\SYSTEM32\USERENV.dll
0x00007fff6d980000 - 0x00007fff6d98c000 	C:\Windows\SYSTEM32\CRYPTBASE.dll
0x00007fff6d430000 - 0x00007fff6d46b000 	C:\Windows\SYSTEM32\IPHLPAPI.DLL
0x00007fff703d0000 - 0x00007fff703d8000 	C:\Windows\System32\NSI.dll
0x00007fff67250000 - 0x00007fff67267000 	C:\Windows\SYSTEM32\dhcpcsvc6.DLL
0x00007fff67b60000 - 0x00007fff67b7d000 	C:\Windows\SYSTEM32\dhcpcsvc.DLL
0x00007fff6d480000 - 0x00007fff6d54b000 	C:\Windows\SYSTEM32\DNSAPI.dll
0x00007fff67c70000 - 0x00007fff67c7b000 	C:\Windows\SYSTEM32\WINNSI.DLL
0x00007fff562b0000 - 0x00007fff562d7000 	C:\Users\DELL\Desktop\New folder (2)\jre\bin\sunec.dll
0x00007fff61020000 - 0x00007fff6102a000 	C:\Windows\System32\rasadhlp.dll
0x00007fff613e0000 - 0x00007fff6145f000 	C:\Windows\System32\fwpuclnt.dll

dbghelp: loaded successfully - version: 4.0.5 - missing functions: none
symbol engine: initialized successfully - sym options: 0x614 - pdb path: .;C:\Users\DELL\Desktop\New folder (2)\jre\bin;C:\Windows\SYSTEM32;C:\Windows\WinSxS\amd64_microsoft.windows.common-controls_6595b64144ccf1df_6.0.19041.1110_none_60b5254171f9507e;C:\Users\DELL\Desktop\New folder (2)\jre\bin\server;C:\Users\DELL\.gradle\native\fdc75f09e3144964f2cf3f50f0aa648679c211496f362492102eb8c894070792\windows-amd64;C:\Users\DELL\.gradle\native\12488b8bf47d2d4c9fbf2f6322a914ad602e24e48041cd04a747c6da556b65c4\windows-amd64

VM Arguments:
jvm_args: --add-opens=java.base/java.util=ALL-UNNAMED --add-opens=java.base/java.lang=ALL-UNNAMED --add-opens=java.base/java.lang.invoke=ALL-UNNAMED --add-opens=java.prefs/java.util.prefs=ALL-UNNAMED -Xmx1536M -Dfile.encoding=windows-1252 -Duser.country=IN -Duser.language=en -Duser.variant 
java_command: org.gradle.launcher.daemon.bootstrap.GradleDaemon 6.7
java_class_path (initial): C:\Users\DELL\.gradle\wrapper\dists\gradle-6.7-all\cuy9mc7upwgwgeb72wkcrupxe\gradle-6.7\lib\gradle-launcher-6.7.jar
Launcher Type: SUN_STANDARD

[Global flags]
     intx CICompilerCount                          = 3                                         {product} {ergonomic}
     uint ConcGCThreads                            = 1                                         {product} {ergonomic}
     uint G1ConcRefinementThreads                  = 4                                         {product} {ergonomic}
   size_t G1HeapRegionSize                         = 1048576                                   {product} {ergonomic}
    uintx GCDrainStackTargetSize                   = 64                                        {product} {ergonomic}
   size_t InitialHeapSize                          = 167772160                                 {product} {ergonomic}
   size_t MarkStackSize                            = 4194304                                   {product} {ergonomic}
   size_t MaxHeapSize                              = 1610612736                                {product} {command line}
   size_t MaxNewSize                               = 965738496                                 {product} {ergonomic}
   size_t MinHeapDeltaBytes                        = 1048576                                   {product} {ergonomic}
    uintx NonNMethodCodeHeapSize                   = 5830732                                {pd product} {ergonomic}
    uintx NonProfiledCodeHeapSize                  = 122913754                              {pd product} {ergonomic}
    uintx ProfiledCodeHeapSize                     = 122913754                              {pd product} {ergonomic}
    uintx ReservedCodeCacheSize                    = 251658240                              {pd product} {ergonomic}
     bool SegmentedCodeCache                       = true                                      {product} {ergonomic}
     bool UseCompressedClassPointers               = true                                 {lp64_product} {ergonomic}
     bool UseCompressedOops                        = true                                 {lp64_product} {ergonomic}
     bool UseG1GC                                  = true                                      {product} {ergonomic}
     bool UseLargePagesIndividualAllocation        = false                                  {pd product} {ergonomic}

Logging:
Log output configuration:
 #0: stdout all=warning uptime,level,tags
 #1: stderr all=off uptime,level,tags

Environment Variables:
JAVA_HOME=C:\Users\DELL\Desktop\New folder (2)\jre
CLASSPATH=C:\Users\DELL\Desktop\tflite_flutter-master\android\\gradle\wrapper\gradle-wrapper.jar
PATH=C:\Program Files\Common Files\Oracle\Java\javapath;C:\Windows\system32;C:\Windows;C:\Windows\System32\Wbem;C:\Windows\System32\WindowsPowerShell\v1.0\;C:\Windows\System32\OpenSSH\;C:\Users\DELL\anaconda3\;C:\Program Files\Git\cmd;C:\Program Files\PuTTY\;C:\Users\DELL\AppData\Local\Programs\Python\Python39\Scripts\;C:\Users\DELL\AppData\Local\Programs\Python\Python39\;C:\Users\DELL\AppData\Local\Programs\Python\Launcher\;C:\Users\DELL\AppData\Local\Microsoft\WindowsApps;C:\Users\DELL\AppData\Local\Programs\Microsoft VS Code\bin;C:\Program Files\JetBrains\PyCharm Community Edition 2021.2\bin;;D:\flutter\bin;D:\flutter\bin\mingit\cmd
USERNAME=DELL
OS=Windows_NT
PROCESSOR_IDENTIFIER=Intel64 Family 6 Model 58 Stepping 9, GenuineIntel



---------------  S Y S T E M  ---------------

OS: Windows 10 , 64 bit Build 19041 (10.0.19041.1348)
OS uptime: 4 days 20:16 hours

CPU:total 4 (initial active 4) (2 cores per cpu, 2 threads per core) family 6 model 58 stepping 9 microcode 0x21, cmov, cx8, fxsr, mmx, sse, sse2, sse3, ssse3, sse4.1, sse4.2, popcnt, avx, aes, clmul, erms, ht, tsc, tscinvbit, tscinv

Memory: 4k page, system-wide physical 10113M (205M free)
TotalPageFile size 23863M (AvailPageFile size 174M)
current process WorkingSet (physical memory assigned to process): 253M, peak: 367M
current process commit charge ("private bytes"): 515M, peak: 873M

vm_info: OpenJDK 64-Bit Server VM (11.0.10+0-b96-7249189) for windows-amd64 JRE (11.0.10+0-b96-7249189), built on Mar 31 2021 21:44:00 by "builder" with MS VC++ 14.0 (VS2015)

END.
